#
# There is insufficient memory for the Java Runtime Environment to continue.
# Native memory allocation (mmap) failed to map 35127296 bytes for committing reserved memory.
# Possible reasons:
#   The system is out of physical RAM or swap space
#   The process is running with CompressedOops enabled, and the Java Heap may be blocking the growth of the native heap
# Possible solutions:
#   Reduce memory load on the system
#   Increase physical memory or swap space
#   Check if swap backing store is full
#   Decrease Java heap size (-Xmx/-Xms)
#   Decrease number of Java threads
#   Decrease Java thread stack sizes (-Xss)
#   Set larger code cache with -XX:ReservedCodeCacheSize=
#   JVM is running with Unscaled Compressed Oops mode in which the Java heap is
#     placed in the first 4GB address space. The Java Heap base address is the
#     maximum limit for the native heap growth. Please use -XX:HeapBaseMinAddress
#     to set the Java Heap base and to place the Java Heap above 4GB virtual address.
# This output file may be truncated or incomplete.
#
#  Out of Memory Error (os_linux.cpp:2749), pid=3536, tid=0x00007fc408afa700
#
# JRE version: Java(TM) SE Runtime Environment (8.0_201-b09) (build 1.8.0_201-b09)
# Java VM: Java HotSpot(TM) 64-Bit Server VM (25.201-b09 mixed mode linux-amd64 compressed oops)
# Failed to write core dump. Core dumps have been disabled. To enable core dumping, try "ulimit -c unlimited" before starting Java again
#

---------------  T H R E A D  ---------------

Current thread (0x00007fc41807c000):  VMThread [stack: 0x00007fc4089fa000,0x00007fc408afb000] [id=3545]

Stack: [0x00007fc4089fa000,0x00007fc408afb000],  sp=0x00007fc408af9430,  free space=1021k
Native frames: (J=compiled Java code, j=interpreted, Vv=VM code, C=native code)
V  [libjvm.so+0xad3525]  VMError::report_and_die()+0x2e5
V  [libjvm.so+0x4e0457]  report_vm_out_of_memory(char const*, int, unsigned long, VMErrorType, char const*)+0x67
V  [libjvm.so+0x9102f0]  os::pd_commit_memory(char*, unsigned long, unsigned long, bool)+0x100
V  [libjvm.so+0x90791f]  os::commit_memory(char*, unsigned long, unsigned long, bool)+0x1f
V  [libjvm.so+0x98c806]  PSVirtualSpace::expand_by(unsigned long)+0x56
V  [libjvm.so+0x97badb]  PSOldGen::expand_by(unsigned long) [clone .part.28]+0x1b
V  [libjvm.so+0x97bc98]  PSOldGen::expand(unsigned long) [clone .part.29]+0xa8
V  [libjvm.so+0x97c841]  PSOldGen::resize(unsigned long)+0xe1
V  [libjvm.so+0x98297c]  PSParallelCompact::invoke_no_policy(bool) [clone .part.118]+0xa2c
V  [libjvm.so+0x98a795]  PSScavenge::invoke()+0x215
V  [libjvm.so+0x93a318]  ParallelScavengeHeap::failed_mem_allocate(unsigned long)+0x68
V  [libjvm.so+0xad5073]  VM_ParallelGCFailedAllocation::doit()+0x93
V  [libjvm.so+0xada296]  VM_Operation::evaluate()+0x46
V  [libjvm.so+0xad85cd]  VMThread::evaluate_operation(VM_Operation*) [clone .constprop.44]+0xcd
V  [libjvm.so+0xad8bb3]  VMThread::loop()+0x3a3
V  [libjvm.so+0xad8f88]  VMThread::run()+0x78
V  [libjvm.so+0x90d922]  java_start(Thread*)+0x102

VM_Operation (0x00007fc3e1310770): ParallelGCFailedAllocation, mode: safepoint, requested by thread 0x00007fc4182d6800


---------------  P R O C E S S  ---------------

Java Threads: ( => current thread )
  0x00007fc400002000 JavaThread "p: default-threadpool; w: 3" daemon [_thread_blocked, id=4003, stack(0x00007fc3cb9fc000,0x00007fc3cbafd000)]
  0x00007fc3f4016800 JavaThread "p: default-threadpool; w: 2" daemon [_thread_blocked, id=3996, stack(0x00007fc3cbafd000,0x00007fc3cbbfe000)]
  0x00007fc3ec004000 JavaThread "p: default-threadpool; w: 1" daemon [_thread_blocked, id=3993, stack(0x00007fc3cbbfe000,0x00007fc3cbcff000)]
  0x00007fc3c514e000 JavaThread "transaction-manager" daemon [_thread_blocked, id=3991, stack(0x00007fc3cbeff000,0x00007fc3cc000000)]
  0x00007fc3c5137000 JavaThread "SelectorThread" daemon [_thread_in_native, id=3990, stack(0x00007fc3d40b6000,0x00007fc3d41b7000)]
  0x00007fc3c4995800 JavaThread "RMI RenewClean-[127.0.1.1:37128]" daemon [_thread_blocked, id=3957, stack(0x00007fc3e00ea000,0x00007fc3e01eb000)]
  0x00007fc3c4993000 JavaThread "RMI RenewClean-[127.0.1.1:44555]" daemon [_thread_blocked, id=3902, stack(0x00007fc3e01eb000,0x00007fc3e02ec000)]
  0x00007fc3c4990800 JavaThread "RMI RenewClean-[127.0.1.1:40584]" daemon [_thread_blocked, id=3778, stack(0x00007fc3e02ec000,0x00007fc3e03ed000)]
  0x00007fc3c4965800 JavaThread "RMI RenewClean-[127.0.1.1:34622]" daemon [_thread_blocked, id=3702, stack(0x00007fc3e05ed000,0x00007fc3e06ee000)]
  0x00007fc3c496f800 JavaThread "GC Daemon" daemon [_thread_blocked, id=3660, stack(0x00007fc3e06ee000,0x00007fc3e07ef000)]
  0x00007fc3c496c800 JavaThread "RMI RenewClean-[127.0.1.1:33423]" daemon [_thread_blocked, id=3659, stack(0x00007fc3e07ef000,0x00007fc3e08f0000)]
  0x00007fc3c496b000 JavaThread "RMI Scheduler(0)" daemon [_thread_blocked, id=3658, stack(0x00007fc3e08f0000,0x00007fc3e09f1000)]
  0x00007fc3c40b0800 JavaThread "TimerQueue" daemon [_thread_blocked, id=3583, stack(0x00007fc3e1118000,0x00007fc3e1219000)]
  0x00007fc418012000 JavaThread "DestroyJavaVM" [_thread_blocked, id=3539, stack(0x00007fc4215b3000,0x00007fc4216b4000)]
  0x00007fc4182d6800 JavaThread "AWT-EventQueue-0" [_thread_blocked, id=3582, stack(0x00007fc3e1219000,0x00007fc3e131a000)]
  0x00007fc41828e800 JavaThread "AWT-Shutdown" [_thread_blocked, id=3581, stack(0x00007fc3e131a000,0x00007fc3e141b000)]
  0x00007fc4181c5000 JavaThread "AWT-XAWT" daemon [_thread_blocked, id=3569, stack(0x00007fc3e1eb8000,0x00007fc3e1fb9000)]
  0x00007fc41819e800 JavaThread "Java2D Disposer" daemon [_thread_blocked, id=3568, stack(0x00007fc3e23c9000,0x00007fc3e24ca000)]
  0x00007fc4180c2800 JavaThread "Service Thread" daemon [_thread_blocked, id=3551, stack(0x00007fc40811c000,0x00007fc40821d000)]
  0x00007fc4180bf800 JavaThread "C1 CompilerThread1" daemon [_thread_blocked, id=3550, stack(0x00007fc40821d000,0x00007fc40831e000)]
  0x00007fc4180bc800 JavaThread "C2 CompilerThread0" daemon [_thread_blocked, id=3549, stack(0x00007fc40831e000,0x00007fc40841f000)]
  0x00007fc4180bb000 JavaThread "Signal Dispatcher" daemon [_thread_blocked, id=3548, stack(0x00007fc40841f000,0x00007fc408520000)]
  0x00007fc418088000 JavaThread "Finalizer" daemon [_thread_blocked, id=3547, stack(0x00007fc4087f8000,0x00007fc4088f9000)]
  0x00007fc418085800 JavaThread "Reference Handler" daemon [_thread_blocked, id=3546, stack(0x00007fc4088f9000,0x00007fc4089fa000)]

Other Threads:
=>0x00007fc41807c000 VMThread [stack: 0x00007fc4089fa000,0x00007fc408afb000] [id=3545]
  0x00007fc4180c5800 WatcherThread [stack: 0x00007fc40801b000,0x00007fc40811c000] [id=3552]

VM state:at safepoint (normal execution)

VM Mutex/Monitor currently owned by a thread:  ([mutex/lock_event])
[0x00007fc41800dda0] ExpandHeap_lock - owner thread: 0x00007fc41807c000
[0x00007fc41800e420] Threads_lock - owner thread: 0x00007fc41807c000
[0x00007fc41800e920] Heap_lock - owner thread: 0x00007fc4182d6800

heap address: 0x00000000e0a00000, size: 502 MB, Compressed Oops mode: 32-bit
Narrow klass base: 0x0000000000000000, Narrow klass shift: 3
Compressed class space size: 1073741824 Address: 0x0000000100000000

Heap:
 PSYoungGen      total 143872K, used 7796K [0x00000000f5900000, 0x00000000ffb80000, 0x0000000100000000)
  eden space 126464K, 0% used [0x00000000f5900000,0x00000000f5900000,0x00000000fd480000)
  from space 17408K, 44% used [0x00000000fea80000,0x00000000ff21d160,0x00000000ffb80000)
  to   space 19968K, 0% used [0x00000000fd480000,0x00000000fd480000,0x00000000fe800000)
 ParOldGen       total 49152K, used 48744K [0x00000000e0a00000, 0x00000000e3a00000, 0x00000000f5900000)
  object space 49152K, 99% used [0x00000000e0a00000,0x00000000e399a000,0x00000000e3a00000)
 Metaspace       used 33896K, capacity 34450K, committed 34608K, reserved 1079296K
  class space    used 4207K, capacity 4353K, committed 4400K, reserved 1048576K

Card table byte_map: [0x00007fc41e24e000,0x00007fc41e34a000] byte_map_base: 0x00007fc41db49000

Marking Bits: (ParMarkBitMap*) 0x00007fc420a80d80
 Begin Bits: [0x00007fc41d09c000, 0x00007fc41d874000)
 End Bits:   [0x00007fc41d874000, 0x00007fc41e04c000)

Polling page: 0x00007fc4216c5000

CodeCache: size=245760Kb used=9954Kb max_used=9954Kb free=235805Kb
 bounds [0x00007fc409000000, 0x00007fc4099d0000, 0x00007fc418000000]
 total_blobs=4198 nmethods=3511 adapters=598
 compilation: enabled

Compilation events (10 events):
Event: 702.281 Thread 0x00007fc4180bf800 3949       2       sun.reflect.ReflectionFactory::newConstructorAccessor (132 bytes)
Event: 702.282 Thread 0x00007fc4180bf800 nmethod 3949 0x00007fc4099508d0 code [0x00007fc409950b00, 0x00007fc409951378]
Event: 702.342 Thread 0x00007fc4180bf800 3951       2       java.util.Collections$UnmodifiableList::get (11 bytes)
Event: 702.342 Thread 0x00007fc4180bf800 nmethod 3951 0x00007fc409950550 code [0x00007fc4099506c0, 0x00007fc409950848]
Event: 702.357 Thread 0x00007fc4180bf800 3952  s    2       sun.net.www.protocol.file.Handler::openConnection (7 bytes)
Event: 702.357 Thread 0x00007fc4180bf800 nmethod 3952 0x00007fc409950010 code [0x00007fc409950180, 0x00007fc409950468]
Event: 702.357 Thread 0x00007fc4180bf800 3953  s!   2       sun.net.www.protocol.file.Handler::openConnection (194 bytes)
Event: 702.358 Thread 0x00007fc4180bf800 nmethod 3953 0x00007fc40994e310 code [0x00007fc40994e5c0, 0x00007fc40994f338]
Event: 702.405 Thread 0x00007fc4180bf800 3955       2       org.glassfish.hk2.utilities.cache.LRUHybridCache$OriginThreadAwareFuture::<init> (57 bytes)
Event: 702.406 Thread 0x00007fc4180bf800 nmethod 3955 0x00007fc40994ddd0 code [0x00007fc40994df40, 0x00007fc40994e210]

GC Heap History (10 events):
Event: 692.611 GC heap after
Heap after GC invocations=10 (full 1):
 PSYoungGen      total 73216K, used 6144K [0x00000000f5900000, 0x00000000fd300000, 0x0000000100000000)
  eden space 67072K, 0% used [0x00000000f5900000,0x00000000f5900000,0x00000000f9a80000)
  from space 6144K, 100% used [0x00000000f9a80000,0x00000000fa080000,0x00000000fa080000)
  to   space 9216K, 0% used [0x00000000fca00000,0x00000000fca00000,0x00000000fd300000)
 ParOldGen       total 20992K, used 13948K [0x00000000e0a00000, 0x00000000e1e80000, 0x00000000f5900000)
  object space 20992K, 66% used [0x00000000e0a00000,0x00000000e179f070,0x00000000e1e80000)
 Metaspace       used 23610K, capacity 24132K, committed 24496K, reserved 1071104K
  class space    used 2808K, capacity 2952K, committed 2992K, reserved 1048576K
}
Event: 694.123 GC heap before
{Heap before GC invocations=11 (full 1):
 PSYoungGen      total 73216K, used 73216K [0x00000000f5900000, 0x00000000fd300000, 0x0000000100000000)
  eden space 67072K, 100% used [0x00000000f5900000,0x00000000f9a80000,0x00000000f9a80000)
  from space 6144K, 100% used [0x00000000f9a80000,0x00000000fa080000,0x00000000fa080000)
  to   space 9216K, 0% used [0x00000000fca00000,0x00000000fca00000,0x00000000fd300000)
 ParOldGen       total 20992K, used 13948K [0x00000000e0a00000, 0x00000000e1e80000, 0x00000000f5900000)
  object space 20992K, 66% used [0x00000000e0a00000,0x00000000e179f070,0x00000000e1e80000)
 Metaspace       used 25885K, capacity 26410K, committed 26672K, reserved 1073152K
  class space    used 3148K, capacity 3305K, committed 3376K, reserved 1048576K
Event: 694.341 GC heap after
Heap after GC invocations=11 (full 1):
 PSYoungGen      total 110592K, used 9216K [0x00000000f5900000, 0x00000000fdd80000, 0x0000000100000000)
  eden space 101376K, 0% used [0x00000000f5900000,0x00000000f5900000,0x00000000fbc00000)
  from space 9216K, 100% used [0x00000000fca00000,0x00000000fd300000,0x00000000fd300000)
  to   space 14336K, 0% used [0x00000000fbc00000,0x00000000fbc00000,0x00000000fca00000)
 ParOldGen       total 24064K, used 23706K [0x00000000e0a00000, 0x00000000e2180000, 0x00000000f5900000)
  object space 24064K, 98% used [0x00000000e0a00000,0x00000000e21269c0,0x00000000e2180000)
 Metaspace       used 25885K, capacity 26410K, committed 26672K, reserved 1073152K
  class space    used 3148K, capacity 3305K, committed 3376K, reserved 1048576K
}
Event: 694.341 GC heap before
{Heap before GC invocations=12 (full 2):
 PSYoungGen      total 110592K, used 9216K [0x00000000f5900000, 0x00000000fdd80000, 0x0000000100000000)
  eden space 101376K, 0% used [0x00000000f5900000,0x00000000f5900000,0x00000000fbc00000)
  from space 9216K, 100% used [0x00000000fca00000,0x00000000fd300000,0x00000000fd300000)
  to   space 14336K, 0% used [0x00000000fbc00000,0x00000000fbc00000,0x00000000fca00000)
 ParOldGen       total 24064K, used 23706K [0x00000000e0a00000, 0x00000000e2180000, 0x00000000f5900000)
  object space 24064K, 98% used [0x00000000e0a00000,0x00000000e21269c0,0x00000000e2180000)
 Metaspace       used 25885K, capacity 26410K, committed 26672K, reserved 1073152K
  class space    used 3148K, capacity 3305K, committed 3376K, reserved 1048576K
Event: 695.114 GC heap after
Heap after GC invocations=12 (full 2):
 PSYoungGen      total 110592K, used 6649K [0x00000000f5900000, 0x00000000fdd80000, 0x0000000100000000)
  eden space 101376K, 0% used [0x00000000f5900000,0x00000000f5900000,0x00000000fbc00000)
  from space 9216K, 72% used [0x00000000fca00000,0x00000000fd07e6b8,0x00000000fd300000)
  to   space 14336K, 0% used [0x00000000fbc00000,0x00000000fbc00000,0x00000000fca00000)
 ParOldGen       total 45568K, used 23877K [0x00000000e0a00000, 0x00000000e3680000, 0x00000000f5900000)
  object space 45568K, 52% used [0x00000000e0a00000,0x00000000e2151488,0x00000000e3680000)
 Metaspace       used 25885K, capacity 26410K, committed 26672K, reserved 1073152K
  class space    used 3148K, capacity 3305K, committed 3376K, reserved 1048576K
}
Event: 697.088 GC heap before
{Heap before GC invocations=13 (full 2):
 PSYoungGen      total 110592K, used 108025K [0x00000000f5900000, 0x00000000fdd80000, 0x0000000100000000)
  eden space 101376K, 100% used [0x00000000f5900000,0x00000000fbc00000,0x00000000fbc00000)
  from space 9216K, 72% used [0x00000000fca00000,0x00000000fd07e6b8,0x00000000fd300000)
  to   space 14336K, 0% used [0x00000000fbc00000,0x00000000fbc00000,0x00000000fca00000)
 ParOldGen       total 45568K, used 23877K [0x00000000e0a00000, 0x00000000e3680000, 0x00000000f5900000)
  object space 45568K, 52% used [0x00000000e0a00000,0x00000000e2151488,0x00000000e3680000)
 Metaspace       used 27162K, capacity 27718K, committed 27952K, reserved 1073152K
  class space    used 3399K, capacity 3539K, committed 3632K, reserved 1048576K
Event: 697.291 GC heap after
Heap after GC invocations=13 (full 2):
 PSYoungGen      total 115712K, used 14304K [0x00000000f5900000, 0x00000000ffe80000, 0x0000000100000000)
  eden space 101376K, 0% used [0x00000000f5900000,0x00000000f5900000,0x00000000fbc00000)
  from space 14336K, 99% used [0x00000000fbc00000,0x00000000fc9f8010,0x00000000fca00000)
  to   space 20480K, 0% used [0x00000000fea80000,0x00000000fea80000,0x00000000ffe80000)
 ParOldGen       total 45568K, used 34376K [0x00000000e0a00000, 0x00000000e3680000, 0x00000000f5900000)
  object space 45568K, 75% used [0x00000000e0a00000,0x00000000e2b922d0,0x00000000e3680000)
 Metaspace       used 27162K, capacity 27718K, committed 27952K, reserved 1073152K
  class space    used 3399K, capacity 3539K, committed 3632K, reserved 1048576K
}
Event: 702.441 GC heap before
{Heap before GC invocations=14 (full 2):
 PSYoungGen      total 115712K, used 115680K [0x00000000f5900000, 0x00000000ffe80000, 0x0000000100000000)
  eden space 101376K, 100% used [0x00000000f5900000,0x00000000fbc00000,0x00000000fbc00000)
  from space 14336K, 99% used [0x00000000fbc00000,0x00000000fc9f8010,0x00000000fca00000)
  to   space 20480K, 0% used [0x00000000fea80000,0x00000000fea80000,0x00000000ffe80000)
 ParOldGen       total 45568K, used 34376K [0x00000000e0a00000, 0x00000000e3680000, 0x00000000f5900000)
  object space 45568K, 75% used [0x00000000e0a00000,0x00000000e2b922d0,0x00000000e3680000)
 Metaspace       used 33896K, capacity 34450K, committed 34608K, reserved 1079296K
  class space    used 4207K, capacity 4353K, committed 4400K, reserved 1048576K
Event: 702.637 GC heap after
Heap after GC invocations=14 (full 2):
 PSYoungGen      total 143872K, used 9157K [0x00000000f5900000, 0x00000000ffb80000, 0x0000000100000000)
  eden space 126464K, 0% used [0x00000000f5900000,0x00000000f5900000,0x00000000fd480000)
  from space 17408K, 52% used [0x00000000fea80000,0x00000000ff3717b0,0x00000000ffb80000)
  to   space 19968K, 0% used [0x00000000fd480000,0x00000000fd480000,0x00000000fe800000)
 ParOldGen       total 49152K, used 48720K [0x00000000e0a00000, 0x00000000e3a00000, 0x00000000f5900000)
  object space 49152K, 99% used [0x00000000e0a00000,0x00000000e39942e0,0x00000000e3a00000)
 Metaspace       used 33896K, capacity 34450K, committed 34608K, reserved 1079296K
  class space    used 4207K, capacity 4353K, committed 4400K, reserved 1048576K
}
Event: 702.641 GC heap before
{Heap before GC invocations=15 (full 3):
 PSYoungGen      total 143872K, used 9157K [0x00000000f5900000, 0x00000000ffb80000, 0x0000000100000000)
  eden space 126464K, 0% used [0x00000000f5900000,0x00000000f5900000,0x00000000fd480000)
  from space 17408K, 52% used [0x00000000fea80000,0x00000000ff3717b0,0x00000000ffb80000)
  to   space 19968K, 0% used [0x00000000fd480000,0x00000000fd480000,0x00000000fe800000)
 ParOldGen       total 49152K, used 48720K [0x00000000e0a00000, 0x00000000e3a00000, 0x00000000f5900000)
  object space 49152K, 99% used [0x00000000e0a00000,0x00000000e39942e0,0x00000000e3a00000)
 Metaspace       used 33896K, capacity 34450K, committed 34608K, reserved 1079296K
  class space    used 4207K, capacity 4353K, committed 4400K, reserved 1048576K

Deoptimization events (10 events):
Event: 699.610 Thread 0x00007fc4182d6800 Uncommon trap: reason=bimorphic action=maybe_recompile pc=0x00007fc4097670e0 method=java.io.DataOutputStream.write([BII)V @ 7
Event: 699.610 Thread 0x00007fc4182d6800 Uncommon trap: reason=bimorphic action=maybe_recompile pc=0x00007fc4097670e0 method=java.io.DataOutputStream.write([BII)V @ 7
Event: 699.611 Thread 0x00007fc4182d6800 Uncommon trap: reason=bimorphic action=maybe_recompile pc=0x00007fc4097670e0 method=java.io.DataOutputStream.write([BII)V @ 7
Event: 699.611 Thread 0x00007fc4182d6800 Uncommon trap: reason=bimorphic action=maybe_recompile pc=0x00007fc4097670e0 method=java.io.DataOutputStream.write([BII)V @ 7
Event: 701.114 Thread 0x00007fc3ec004000 Uncommon trap: reason=bimorphic action=maybe_recompile pc=0x00007fc4098c2a20 method=java.util.HashMap.removeNode(ILjava/lang/Object;Ljava/lang/Object;ZZ)Ljava/util/HashMap$Node; @ 68
Event: 701.120 Thread 0x00007fc400002000 Uncommon trap: reason=bimorphic action=maybe_recompile pc=0x00007fc4098c2a20 method=java.util.HashMap.removeNode(ILjava/lang/Object;Ljava/lang/Object;ZZ)Ljava/util/HashMap$Node; @ 68
Event: 701.330 Thread 0x00007fc4182d6800 Uncommon trap: reason=class_check action=maybe_recompile pc=0x00007fc4098c2890 method=java.util.HashMap.removeNode(ILjava/lang/Object;Ljava/lang/Object;ZZ)Ljava/util/HashMap$Node; @ 143
Event: 701.350 Thread 0x00007fc4182d6800 Uncommon trap: reason=class_check action=maybe_recompile pc=0x00007fc4098c2890 method=java.util.HashMap.removeNode(ILjava/lang/Object;Ljava/lang/Object;ZZ)Ljava/util/HashMap$Node; @ 143
Event: 701.431 Thread 0x00007fc4182d6800 Uncommon trap: reason=class_check action=maybe_recompile pc=0x00007fc4098c2890 method=java.util.HashMap.removeNode(ILjava/lang/Object;Ljava/lang/Object;ZZ)Ljava/util/HashMap$Node; @ 143
Event: 701.431 Thread 0x00007fc4182d6800 Uncommon trap: reason=class_check action=maybe_recompile pc=0x00007fc4098c2890 method=java.util.HashMap.removeNode(ILjava/lang/Object;Ljava/lang/Object;ZZ)Ljava/util/HashMap$Node; @ 143

Classes redefined (0 events):
No events

Internal exceptions (10 events):
Event: 702.003 Thread 0x00007fc4182d6800 Exception <a 'java/lang/NoSuchMethodError': <clinit>> (0x00000000fb4148a8) thrown at [/HUDSON/workspace/8-2-build-linux-amd64/jdk8u201/12317/hotspot/src/share/vm/prims/jni.cpp, line 1613]
Event: 702.041 Thread 0x00007fc4182d6800 Exception <a 'java/lang/NoSuchMethodError': <clinit>> (0x00000000fb4b67e8) thrown at [/HUDSON/workspace/8-2-build-linux-amd64/jdk8u201/12317/hotspot/src/share/vm/prims/jni.cpp, line 1613]
Event: 702.077 Thread 0x00007fc4182d6800 Exception <a 'java/lang/NoSuchMethodError': <clinit>> (0x00000000fb519550) thrown at [/HUDSON/workspace/8-2-build-linux-amd64/jdk8u201/12317/hotspot/src/share/vm/prims/jni.cpp, line 1613]
Event: 702.110 Thread 0x00007fc4182d6800 Exception <a 'java/lang/NoSuchMethodError': <clinit>> (0x00000000fb5695c8) thrown at [/HUDSON/workspace/8-2-build-linux-amd64/jdk8u201/12317/hotspot/src/share/vm/prims/jni.cpp, line 1613]
Event: 702.111 Thread 0x00007fc4182d6800 Exception <a 'java/lang/NoSuchMethodError': <clinit>> (0x00000000fb579418) thrown at [/HUDSON/workspace/8-2-build-linux-amd64/jdk8u201/12317/hotspot/src/share/vm/prims/jni.cpp, line 1613]
Event: 702.200 Thread 0x00007fc4182d6800 Exception <a 'java/lang/NoSuchMethodError': <clinit>> (0x00000000fb6c6560) thrown at [/HUDSON/workspace/8-2-build-linux-amd64/jdk8u201/12317/hotspot/src/share/vm/prims/jni.cpp, line 1613]
Event: 702.227 Thread 0x00007fc4182d6800 Exception <a 'java/lang/NoSuchMethodError': <clinit>> (0x00000000fb6dcd48) thrown at [/HUDSON/workspace/8-2-build-linux-amd64/jdk8u201/12317/hotspot/src/share/vm/prims/jni.cpp, line 1613]
Event: 702.233 Thread 0x00007fc4182d6800 Exception <a 'java/lang/NoSuchMethodError': <clinit>> (0x00000000fb71a548) thrown at [/HUDSON/workspace/8-2-build-linux-amd64/jdk8u201/12317/hotspot/src/share/vm/prims/jni.cpp, line 1613]
Event: 702.235 Thread 0x00007fc4182d6800 Exception <a 'java/lang/NoSuchMethodError': <clinit>> (0x00000000fb735d50) thrown at [/HUDSON/workspace/8-2-build-linux-amd64/jdk8u201/12317/hotspot/src/share/vm/prims/jni.cpp, line 1613]
Event: 702.236 Thread 0x00007fc4182d6800 Exception <a 'java/lang/NoSuchMethodError': <clinit>> (0x00000000fb753d10) thrown at [/HUDSON/workspace/8-2-build-linux-amd64/jdk8u201/12317/hotspot/src/share/vm/prims/jni.cpp, line 1613]

Events (10 events):
Event: 702.389 loading class com/sun/enterprise/deployment/runtime/BeanPoolDescriptor done
Event: 702.401 loading class com/sun/enterprise/deployment/DescriptorConstants
Event: 702.401 loading class com/sun/enterprise/deployment/DescriptorConstants done
Event: 702.402 loading class javax/resource/spi/ActivationSpec
Event: 702.402 loading class javax/resource/spi/ActivationSpec done
Event: 702.405 loading class com/sun/enterprise/connectors/jms/system/ActiveJmsResourceAdapter
Event: 702.405 loading class com/sun/enterprise/connectors/jms/system/ActiveJmsResourceAdapter done
Event: 702.435 loading class org/glassfish/grizzly/config/dom/NetworkListener
Event: 702.435 loading class org/glassfish/grizzly/config/dom/NetworkListener done
Event: 702.441 Executing VM operation: ParallelGCFailedAllocation


Dynamic libraries:
00400000-00401000 r-xp 00000000 fc:00 2893124                            /usr/lib/jvm/java-8-oracle/bin/java
00600000-00601000 r--p 00000000 fc:00 2893124                            /usr/lib/jvm/java-8-oracle/bin/java
00601000-00602000 rw-p 00001000 fc:00 2893124                            /usr/lib/jvm/java-8-oracle/bin/java
00781000-007a2000 rw-p 00000000 00:00 0                                  [heap]
e0a00000-e3a00000 rw-p 00000000 00:00 0 
e5b80000-f5900000 ---p 00000000 00:00 0 
f5900000-ffb80000 rw-p 00000000 00:00 0 
ffb80000-100000000 ---p 00000000 00:00 0 
100000000-10044c000 rw-p 00000000 00:00 0 
10044c000-140000000 ---p 00000000 00:00 0 
7fc3c4000000-7fc3c52a8000 rw-p 00000000 00:00 0 
7fc3c52a8000-7fc3c8000000 ---p 00000000 00:00 0 
7fc3cb7fc000-7fc3cb97c000 rw-p 00000000 00:00 0 
7fc3cb97c000-7fc3cb9fc000 ---p 00000000 00:00 0 
7fc3cb9fc000-7fc3cb9ff000 ---p 00000000 00:00 0 
7fc3cb9ff000-7fc3cbafd000 rw-p 00000000 00:00 0 
7fc3cbafd000-7fc3cbb00000 ---p 00000000 00:00 0 
7fc3cbb00000-7fc3cbbfe000 rw-p 00000000 00:00 0 
7fc3cbbfe000-7fc3cbc01000 ---p 00000000 00:00 0 
7fc3cbc01000-7fc3cbeff000 rw-p 00000000 00:00 0 
7fc3cbeff000-7fc3cbf02000 ---p 00000000 00:00 0 
7fc3cbf02000-7fc3cc000000 rw-p 00000000 00:00 0 
7fc3cc000000-7fc3cc021000 rw-p 00000000 00:00 0 
7fc3cc021000-7fc3d0000000 ---p 00000000 00:00 0 
7fc3d0000000-7fc3d002d000 rw-p 00000000 00:00 0 
7fc3d002d000-7fc3d4000000 ---p 00000000 00:00 0 
7fc3d40b6000-7fc3d40b9000 ---p 00000000 00:00 0 
7fc3d40b9000-7fc3d43b7000 rw-p 00000000 00:00 0 
7fc3d43b7000-7fc3d45b7000 rw-p 00000000 00:00 0 
7fc3d45b7000-7fc3d45c0000 r-xp 00000000 fc:00 3020732                    /usr/lib/jvm/java-8-oracle/jre/lib/amd64/libmanagement.so
7fc3d45c0000-7fc3d47bf000 ---p 00009000 fc:00 3020732                    /usr/lib/jvm/java-8-oracle/jre/lib/amd64/libmanagement.so
7fc3d47bf000-7fc3d47c0000 r--p 00008000 fc:00 3020732                    /usr/lib/jvm/java-8-oracle/jre/lib/amd64/libmanagement.so
7fc3d47c0000-7fc3d47c1000 rw-p 00009000 fc:00 3020732                    /usr/lib/jvm/java-8-oracle/jre/lib/amd64/libmanagement.so
7fc3d47c1000-7fc3d49c1000 rw-p 00000000 00:00 0 
7fc3d49c1000-7fc3d49f9000 r-xp 00000000 fc:00 3020675                    /usr/lib/jvm/java-8-oracle/jre/lib/amd64/libsunec.so
7fc3d49f9000-7fc3d4bf8000 ---p 00038000 fc:00 3020675                    /usr/lib/jvm/java-8-oracle/jre/lib/amd64/libsunec.so
7fc3d4bf8000-7fc3d4bfd000 r--p 00037000 fc:00 3020675                    /usr/lib/jvm/java-8-oracle/jre/lib/amd64/libsunec.so
7fc3d4bfd000-7fc3d4bff000 rw-p 0003c000 fc:00 3020675                    /usr/lib/jvm/java-8-oracle/jre/lib/amd64/libsunec.so
7fc3d4bff000-7fc3d4dff000 rw-p 00000000 00:00 0 
7fc3d4dff000-7fc3d4fff000 rw-p 00000000 00:00 0 
7fc3d4fff000-7fc3d8000000 rw-p 00000000 00:00 0 
7fc3d8000000-7fc3d8021000 rw-p 00000000 00:00 0 
7fc3d8021000-7fc3dc000000 ---p 00000000 00:00 0 
7fc3dc000000-7fc3dc021000 rw-p 00000000 00:00 0 
7fc3dc021000-7fc3e0000000 ---p 00000000 00:00 0 
7fc3e00e1000-7fc3e00e3000 r--s 00009000 fc:00 3020566                    /usr/lib/jvm/java-8-oracle/jre/lib/ext/sunec.jar
7fc3e00e3000-7fc3e00e7000 r--s 0003a000 fc:00 3020573                    /usr/lib/jvm/java-8-oracle/jre/lib/ext/sunpkcs11.jar
7fc3e00e7000-7fc3e00ea000 r--s 0001a000 fc:00 3020740                    /usr/lib/jvm/java-8-oracle/jre/lib/jce.jar
7fc3e00ea000-7fc3e00ed000 ---p 00000000 00:00 0 
7fc3e00ed000-7fc3e01eb000 rw-p 00000000 00:00 0 
7fc3e01eb000-7fc3e01ee000 ---p 00000000 00:00 0 
7fc3e01ee000-7fc3e02ec000 rw-p 00000000 00:00 0 
7fc3e02ec000-7fc3e02ef000 ---p 00000000 00:00 0 
7fc3e02ef000-7fc3e05ed000 rw-p 00000000 00:00 0 
7fc3e05ed000-7fc3e05f0000 ---p 00000000 00:00 0 
7fc3e05f0000-7fc3e06ee000 rw-p 00000000 00:00 0 
7fc3e06ee000-7fc3e06f1000 ---p 00000000 00:00 0 
7fc3e06f1000-7fc3e07ef000 rw-p 00000000 00:00 0 
7fc3e07ef000-7fc3e07f2000 ---p 00000000 00:00 0 
7fc3e07f2000-7fc3e08f0000 rw-p 00000000 00:00 0 
7fc3e08f0000-7fc3e08f3000 ---p 00000000 00:00 0 
7fc3e08f3000-7fc3e09f1000 rw-p 00000000 00:00 0 
7fc3e09f1000-7fc3e0a09000 r--s 00218000 fc:00 3422337                    /home/comp3402/Desktop/mysql-connector-java-8.0.16/mysql-connector-java-8.0.16.jar
7fc3e0a09000-7fc3e0a0a000 r--s 00005000 fc:00 3540426                    /home/comp3402/Desktop/glassfish4/glassfish/lib/gf-client.jar
7fc3e0a0a000-7fc3e0a2f000 r--s 0018b000 fc:00 3541099                    /home/comp3402/Desktop/glassfish4/glassfish/modules/weld-osgi-bundle.jar
7fc3e0a2f000-7fc3e0a32000 r--s 00012000 fc:00 3540979                    /home/comp3402/Desktop/glassfish4/glassfish/modules/jdbc-runtime.jar
7fc3e0a32000-7fc3e0a34000 r--s 00003000 fc:00 3540978                    /home/comp3402/Desktop/glassfish4/glassfish/modules/jdbc-config.jar
7fc3e0a34000-7fc3e0a37000 r--s 00017000 fc:00 3540890                    /home/comp3402/Desktop/glassfish4/glassfish/modules/entitybean-container.jar
7fc3e0a37000-7fc3e0a38000 r--s 00003000 fc:00 3540471                    /home/comp3402/Desktop/glassfish4/glassfish/lib/install/applications/jaxr-ra/jaxr-ra.jar
7fc3e0a38000-7fc3e0a39000 r--s 00001000 fc:00 3541124                    /home/comp3402/Desktop/glassfish4/javadb/lib/derbyrun.jar
7fc3e0a39000-7fc3e0a3d000 r--s 00031000 fc:00 3541125                    /home/comp3402/Desktop/glassfish4/javadb/lib/derbytools.jar
7fc3e0a3d000-7fc3e0a40000 r--s 0003b000 fc:00 3541123                    /home/comp3402/Desktop/glassfish4/javadb/lib/derbynet.jar
7fc3e0a40000-7fc3e0a47000 r--s 00089000 fc:00 3541122                    /home/comp3402/Desktop/glassfish4/javadb/lib/derbyclient.jar
7fc3e0a47000-7fc3e0a72000 r--s 0028b000 fc:00 3541107                    /home/comp3402/Desktop/glassfish4/javadb/lib/derby.jar
7fc3e0a72000-7fc3e0a75000 r--s 00017000 fc:00 3541121                    /home/comp3402/Desktop/glassfish4/javadb/lib/derbyLocale_zh_TW.jar
7fc3e0a75000-7fc3e0a77000 r--s 00017000 fc:00 3541120                    /home/comp3402/Desktop/glassfish4/javadb/lib/derbyLocale_zh_CN.jar
7fc3e0a77000-7fc3e0a7a000 r--s 0001b000 fc:00 3541119                    /home/comp3402/Desktop/glassfish4/javadb/lib/derbyLocale_ru.jar
7fc3e0a7a000-7fc3e0a7c000 r--s 00014000 fc:00 3541118                    /home/comp3402/Desktop/glassfish4/javadb/lib/derbyLocale_pt_BR.jar
7fc3e0a7c000-7fc3e0a7e000 r--s 00015000 fc:00 3541117                    /home/comp3402/Desktop/glassfish4/javadb/lib/derbyLocale_pl.jar
7fc3e0a7e000-7fc3e0a80000 r--s 00019000 fc:00 3541116                    /home/comp3402/Desktop/glassfish4/javadb/lib/derbyLocale_ko_KR.jar
7fc3e0a80000-7fc3e0a83000 r--s 0001a000 fc:00 3541115                    /home/comp3402/Desktop/glassfish4/javadb/lib/derbyLocale_ja_JP.jar
7fc3e0a83000-7fc3e0a86000 r--s 00016000 fc:00 3541114                    /home/comp3402/Desktop/glassfish4/javadb/lib/derbyLocale_it.jar
7fc3e0a86000-7fc3e0a88000 r--s 00015000 fc:00 3541113                    /home/comp3402/Desktop/glassfish4/javadb/lib/derbyLocale_hu.jar
7fc3e0a88000-7fc3e0a8a000 r--s 00018000 fc:00 3541112                    /home/comp3402/Desktop/glassfish4/javadb/lib/derbyLocale_fr.jar
7fc3e0a8a000-7fc3e0a8d000 r--s 00016000 fc:00 3541111                    /home/comp3402/Desktop/glassfish4/javadb/lib/derbyLocale_es.jar
7fc3e0a8d000-7fc3e0a8f000 r--s 00018000 fc:00 3541110                    /home/comp3402/Desktop/glassfish4/javadb/lib/derbyLocale_de_DE.jar
7fc3e0a8f000-7fc3e0a91000 r--s 00015000 fc:00 3541109                    /home/comp3402/Desktop/glassfish4/javadb/lib/derbyLocale_cs.jar
7fc3e0a91000-7fc3e0a94000 r--s 00025000 fc:00 3540463                    /home/comp3402/Desktop/glassfish4/glassfish/lib/install/applications/__dm_jdbc_ra/__dm_jdbc_ra.jar
7fc3e0a94000-7fc3e0a97000 r--s 00025000 fc:00 3540467                    /home/comp3402/Desktop/glassfish4/glassfish/lib/install/applications/__xa_jdbc_ra/__xa_jdbc_ra.jar
7fc3e0a97000-7fc3e0a9a000 r--s 00025000 fc:00 3540461                    /home/comp3402/Desktop/glassfish4/glassfish/lib/install/applications/__cp_jdbc_ra/__cp_jdbc_ra.jar
7fc3e0a9a000-7fc3e0a9d000 r--s 00025000 fc:00 3540465                    /home/comp3402/Desktop/glassfish4/glassfish/lib/install/applications/__ds_jdbc_ra/__ds_jdbc_ra.jar
7fc3e0a9d000-7fc3e0ab4000 r--s 001c0000 fc:00 3540477                    /home/comp3402/Desktop/glassfish4/glassfish/lib/install/applications/jmsra/imqjmsra.jar
7fc3e0ab4000-7fc3e0ad3000 r--s 002e9000 fc:00 3540475                    /home/comp3402/Desktop/glassfish4/glassfish/lib/install/applications/jmsra/imqbroker.jar
7fc3e0ad3000-7fc3e0ad8000 r--s 0003d000 fc:00 3540476                    /home/comp3402/Desktop/glassfish4/glassfish/lib/install/applications/jmsra/imqjmsbridge.jar
7fc3e0ad8000-7fc3e0ada000 r--s 00017000 fc:00 3540474                    /home/comp3402/Desktop/glassfish4/glassfish/lib/install/applications/jmsra/fscontext.jar
7fc3e0ada000-7fc3e0ade000 r--s 00021000 fc:00 3540479                    /home/comp3402/Desktop/glassfish4/glassfish/lib/install/applications/jmsra/imqstomp.jar
7fc3e0ade000-7fc3e0ae0000 r--s 0000d000 fc:00 3540478                    /home/comp3402/Desktop/glassfish4/glassfish/lib/install/applications/jmsra/imqjmx.jar
7fc3e0ae0000-7fc3e0ae2000 r--s 00017000 fc:00 3541135                    /home/comp3402/Desktop/glassfish4/mq/lib/fscontext.jar
7fc3e0ae2000-7fc3e0ae8000 r--s 00078000 fc:00 3541226                    /home/comp3402/Desktop/glassfish4/mq/lib/imqadmin.jar
7fc3e0ae8000-7fc3e0af2000 r--s 00080000 fc:00 3541244                    /home/comp3402/Desktop/glassfish4/mq/lib/jhall.jar
7fc3e0af2000-7fc3e0af4000 r--s 0000d000 fc:00 3541234                    /home/comp3402/Desktop/glassfish4/mq/lib/imqjmx.jar
7fc3e0af4000-7fc3e0afa000 r--s 00069000 fc:00 3541238                    /home/comp3402/Desktop/glassfish4/mq/lib/imqutil.jar
7fc3e0afa000-7fc3e0afb000 r--s 00008000 fc:00 3541239                    /home/comp3402/Desktop/glassfish4/mq/lib/imqxm.jar
7fc3e0afb000-7fc3e0b05000 r--s 000a3000 fc:00 3541225                    /home/comp3402/Desktop/glassfish4/mq/lib/imq.jar
7fc3e0b05000-7fc3e0b07000 r--s 00005000 fc:00 3541243                    /home/comp3402/Desktop/glassfish4/mq/lib/jaxm-api.jar
7fc3e0b07000-7fc3e0b0a000 r--s 0000d000 fc:00 3541245                    /home/comp3402/Desktop/glassfish4/mq/lib/jms.jar
7fc3e0b0a000-7fc3e0b0b000 r--s 00008000 fc:00 3541057                    /home/comp3402/Desktop/glassfish4/glassfish/modules/resources-runtime.jar
7fc3e0b0b000-7fc3e0b0d000 r--s 00006000 fc:00 3540356                    /home/comp3402/Desktop/glassfish4/glassfish/lib/appclient/weld-se-core.jar
7fc3e0b0d000-7fc3e0b11000 r--s 00010000 fc:00 3540889                    /home/comp3402/Desktop/glassfish4/glassfish/modules/endorsed/webservices-api-osgi.jar
7fc3e0b11000-7fc3e0b15000 r--s 00016000 fc:00 3540888                    /home/comp3402/Desktop/glassfish4/glassfish/modules/endorsed/jaxb-api.jar
7fc3e0b15000-7fc3e0b17000 r--s 00005000 fc:00 3540887                    /home/comp3402/Desktop/glassfish4/glassfish/modules/endorsed/javax.annotation-api.jar
7fc3e0b17000-7fc3e0b24000 r--s 0019a000 fc:00 3540894                    /home/comp3402/Desktop/glassfish4/glassfish/modules/gf-client-module.jar
7fc3e0b24000-7fc3e0b28000 r--s 0000e000 fc:00 3540833                    /home/comp3402/Desktop/glassfish4/glassfish/modules/cdi-api.jar
7fc3e0b28000-7fc3e0b2a000 r--s 0000c000 fc:00 3540976                    /home/comp3402/Desktop/glassfish4/glassfish/modules/jboss-logging.jar
7fc3e0b2a000-7fc3e0b4e000 r--s 001aa000 fc:00 3540922                    /home/comp3402/Desktop/glassfish4/glassfish/modules/guava.jar
7fc3e0b4e000-7fc3e0b51000 r--s 00012000 fc:00 3540957                    /home/comp3402/Desktop/glassfish4/glassfish/modules/javax.json.jar
7fc3e0b51000-7fc3e0b52000 r--s 00004000 fc:00 3540945                    /home/comp3402/Desktop/glassfish4/glassfish/modules/javamail-runtime.jar
7fc3e0b52000-7fc3e0b54000 r--s 00001000 fc:00 3540808                    /home/comp3402/Desktop/glassfish4/glassfish/modules/appclient-connector.jar
7fc3e0b54000-7fc3e0b56000 r--s 0001f000 fc:00 3540972                    /home/comp3402/Desktop/glassfish4/glassfish/modules/javax.xml.registry-api.jar
7fc3e0b56000-7fc3e0b58000 r--s 00004000 fc:00 3540841                    /home/comp3402/Desktop/glassfish4/glassfish/modules/cmp-internal-api.jar
7fc3e0b58000-7fc3e0b59000 r--s 0000a000 fc:00 3541007                    /home/comp3402/Desktop/glassfish4/glassfish/modules/jpa-container.jar
7fc3e0b59000-7fc3e0b5f000 r--s 00049000 fc:00 3541033                    /home/comp3402/Desktop/glassfish4/glassfish/modules/org.eclipse.persistence.asm.jar
7fc3e0b5f000-7fc3e0b64000 r--s 0002a000 fc:00 3541032                    /home/comp3402/Desktop/glassfish4/glassfish/modules/org.eclipse.persistence.antlr.jar
7fc3e0b64000-7fc3e0b66000 r--s 00014000 fc:00 3541040                    /home/comp3402/Desktop/glassfish4/glassfish/modules/org.eclipse.persistence.oracle.jar
7fc3e0b66000-7fc3e0b6d000 r--s 0004f000 fc:00 3541035                    /home/comp3402/Desktop/glassfish4/glassfish/modules/org.eclipse.persistence.dbws.jar
7fc3e0b6d000-7fc3e0b76000 r--s 00093000 fc:00 3541039                    /home/comp3402/Desktop/glassfish4/glassfish/modules/org.eclipse.persistence.moxy.jar
7fc3e0b76000-7fc3e0b78000 r--s 0000b000 fc:00 3541038                    /home/comp3402/Desktop/glassfish4/glassfish/modules/org.eclipse.persistence.jpa.modelgen.processor.jar
7fc3e0b78000-7fc3e0b95000 r--s 0013c000 fc:00 3541037                    /home/comp3402/Desktop/glassfish4/glassfish/modules/org.eclipse.persistence.jpa.jpql.jar
7fc3e0b95000-7fc3e0bac000 r--s 00148000 fc:00 3541036                    /home/comp3402/Desktop/glassfish4/glassfish/modules/org.eclipse.persistence.jpa.jar
7fc3e0bac000-7fc3e0bed000 r--s 004d8000 fc:00 3541034                    /home/comp3402/Desktop/glassfish4/glassfish/modules/org.eclipse.persistence.core.jar
7fc3e0bed000-7fc3e0bef000 r--s 00015000 fc:00 3541005                    /home/comp3402/Desktop/glassfish4/glassfish/modules/jms-core.jar
7fc3e0bef000-7fc3e0bf2000 r--s 0000d000 fc:00 3540956                    /home/comp3402/Desktop/glassfish4/glassfish/modules/javax.jms-api.jar
7fc3e0bf2000-7fc3e0bf3000 r--s 00003000 fc:00 3540897                    /home/comp3402/Desktop/glassfish4/glassfish/modules/gf-jms-connector.jar
7fc3e0bf3000-7fc3e0bf8000 r--s 0005a000 fc:00 3541015                    /home/comp3402/Desktop/glassfish4/glassfish/modules/jts.jar
7fc3e0bf8000-7fc3e0bfa000 r--s 0000f000 fc:00 3541014                    /home/comp3402/Desktop/glassfish4/glassfish/modules/jta.jar
7fc3e0bfa000-7fc3e0bfc000 r--s 0000f000 fc:00 3541093                    /home/comp3402/Desktop/glassfish4/glassfish/modules/webservices-connector.jar
7fc3e0bfc000-7fc3e0bfe000 r--s 00006000 fc:00 3540854                    /home/comp3402/Desktop/glassfish4/glassfish/modules/connectors-inbound-runtime.jar
7fc3e0bfe000-7fc3e0c06000 r--s 0007a000 fc:00 3540856                    /home/comp3402/Desktop/glassfish4/glassfish/modules/connectors-runtime.jar
7fc3e0c06000-7fc3e0c08000 r--s 00005000 fc:00 3540944                    /home/comp3402/Desktop/glassfish4/glassfish/modules/javamail-connector.jar
7fc3e0c08000-7fc3e0c0a000 r--s 00001000 fc:00 3540895                    /home/comp3402/Desktop/glassfish4/glassfish/modules/gf-connectors-connector.jar
7fc3e0c0a000-7fc3e0c0c000 r--s 0000a000 fc:00 3541101                    /home/comp3402/Desktop/glassfish4/glassfish/modules/work-management.jar
7fc3e0c0c000-7fc3e0c0e000 r--s 00012000 fc:00 3541096                    /home/comp3402/Desktop/glassfish4/glassfish/modules/webservices.security.jar
7fc3e0c0e000-7fc3e0c12000 r--s 0003b000 fc:00 3541012                    /home/comp3402/Desktop/glassfish4/glassfish/modules/jsr109-impl.jar
7fc3e0c12000-7fc3e0c53000 r--s 00376000 fc:00 3540975                    /home/comp3402/Desktop/glassfish4/glassfish/modules/jaxb-osgi.jar
7fc3e0c53000-7fc3e0c67000 r--s 000e3000 fc:00 3540974                    /home/comp3402/Desktop/glassfish4/glassfish/modules/jaxb-extra-osgi.jar
7fc3e0c67000-7fc3e0c69000 r--s 0000e000 fc:00 3541024                    /home/comp3402/Desktop/glassfish4/glassfish/modules/mimepull.jar
7fc3e0c69000-7fc3e0c6d000 r--s 00029000 fc:00 3541072                    /home/comp3402/Desktop/glassfish4/glassfish/modules/stax2-api.jar
7fc3e0c6d000-7fc3e0c73000 r--s 00070000 fc:00 3541100                    /home/comp3402/Desktop/glassfish4/glassfish/modules/woodstox-core-asl.jar
7fc3e0c73000-7fc3e0c74000 r--s 00000000 fc:00 3541094                    /home/comp3402/Desktop/glassfish4/glassfish/modules/webservices-extra-jdk-packages.jar
7fc3e0c74000-7fc3e0c77000 r--s 00009000 fc:00 3540973                    /home/comp3402/Desktop/glassfish4/glassfish/modules/javax.xml.rpc-api.jar
7fc3e0c77000-7fc3e0d3b000 r--s 00bdf000 fc:00 3541095                    /home/comp3402/Desktop/glassfish4/glassfish/modules/webservices-osgi.jar
7fc3e0d3b000-7fc3e0d45000 r--s 00097000 fc:00 3541087                    /home/comp3402/Desktop/glassfish4/glassfish/modules/web-glue.jar
7fc3e0d45000-7fc3e0d47000 r--s 00004000 fc:00 3541091                    /home/comp3402/Desktop/glassfish4/glassfish/modules/web-sse.jar
7fc3e0d47000-7fc3e0d49000 r--s 00006000 fc:00 3541086                    /home/comp3402/Desktop/glassfish4/glassfish/modules/web-embed-api.jar
7fc3e0d49000-7fc3e0d4b000 r--s 0000b000 fc:00 3541092                    /home/comp3402/Desktop/glassfish4/glassfish/modules/websecurity.jar
7fc3e0d4b000-7fc3e0d4d000 r--s 00008000 fc:00 3541088                    /home/comp3402/Desktop/glassfish4/glassfish/modules/web-gui-plugin-common.jar
7fc3e0d4d000-7fc3e0d4f000 r--s 00001000 fc:00 3540799                    /home/comp3402/Desktop/glassfish4/glassfish/modules/admin-core.jar
7fc3e0d4f000-7fc3e0d56000 r--s 00080000 fc:00 3540966                    /home/comp3402/Desktop/glassfish4/glassfish/modules/javax.servlet.jsp.jar
7fc3e0d56000-7fc3e0d64000 r--s 0010b000 fc:00 3541085                    /home/comp3402/Desktop/glassfish4/glassfish/modules/web-core.jar
7fc3e0d64000-7fc3e0d66000 r--s 00018000 fc:00 3541083                    /home/comp3402/Desktop/glassfish4/glassfish/modules/war-util.jar
7fc3e0d66000-7fc3e0d68000 r--s 0001a000 fc:00 3541090                    /home/comp3402/Desktop/glassfish4/glassfish/modules/web-naming.jar
7fc3e0d68000-7fc3e0d6a000 r--s 00006000 fc:00 3540902                    /home/comp3402/Desktop/glassfish4/glassfish/modules/gf-web-connector.jar
7fc3e0d6a000-7fc3e0d6e000 r--s 00033000 fc:00 3540949                    /home/comp3402/Desktop/glassfish4/glassfish/modules/javax.el.jar
7fc3e0d6e000-7fc3e0d71000 r--s 0000b000 fc:00 3540965                    /home/comp3402/Desktop/glassfish4/glassfish/modules/javax.servlet.jsp-api.jar
7fc3e0d71000-7fc3e0d75000 r--s 0002b000 fc:00 3541084                    /home/comp3402/Desktop/glassfish4/glassfish/modules/web-cli.jar
7fc3e0d75000-7fc3e0d79000 r--s 00011000 fc:00 3540802                    /home/comp3402/Desktop/glassfish4/glassfish/modules/amx-javaee.jar
7fc3e0d79000-7fc3e0d81000 r--s 00066000 fc:00 3540801                    /home/comp3402/Desktop/glassfish4/glassfish/modules/amx-core.jar
7fc3e0d81000-7fc3e0d83000 r--s 00010000 fc:00 3540914                    /home/comp3402/Desktop/glassfish4/glassfish/modules/glassfish-mbeanserver.jar
7fc3e0d83000-7fc3e0d88000 r--s 00038000 fc:00 3541006                    /home/comp3402/Desktop/glassfish4/glassfish/modules/jmxremote_optional-repackaged.jar
7fc3e0d88000-7fc3e0d8a000 r--s 00006000 fc:00 3540959                    /home/comp3402/Desktop/glassfish4/glassfish/modules/javax.management.j2ee-api.jar
7fc3e0d8a000-7fc3e0d8b000 r--s 00004000 fc:00 3540810                    /home/comp3402/Desktop/glassfish4/glassfish/modules/appclient.security.jar
7fc3e0d8b000-7fc3e0d8d000 r--s 00006000 fc:00 3540797                    /home/comp3402/Desktop/glassfish4/glassfish/modules/acc-config.jar
7fc3e0d8d000-7fc3e0d90000 r--s 00015000 fc:00 3540886                    /home/comp3402/Desktop/glassfish4/glassfish/modules/ejb.security.jar
7fc3e0d90000-7fc3e0d92000 r--s 00014000 fc:00 3541030                    /home/comp3402/Desktop/glassfish4/glassfish/modules/orb-iiop.jar
7fc3e0d92000-7fc3e0dae000 r--s 0016c000 fc:00 3540910                    /home/comp3402/Desktop/glassfish4/glassfish/modules/glassfish-corba-orb.jar
7fc3e0dae000-7fc3e0db2000 r--s 00019000 fc:00 3540907                    /home/comp3402/Desktop/glassfish4/glassfish/modules/glassfish-corba-csiv2-idl.jar
7fc3e0db2000-7fc3e0db4000 r--s 00010000 fc:00 3540884                    /home/comp3402/Desktop/glassfish4/glassfish/modules/ejb-full-container.jar
7fc3e0db4000-7fc3e0dc0000 r--s 000d9000 fc:00 3540883                    /home/comp3402/Desktop/glassfish4/glassfish/modules/ejb-container.jar
7fc3e0dc0000-7fc3e0dc2000 r--s 00005000 fc:00 3540921                    /home/comp3402/Desktop/glassfish4/glassfish/modules/gms-bootstrap.jar
7fc3e0dc2000-7fc3e0dc5000 r--s 00008000 fc:00 3541066                    /home/comp3402/Desktop/glassfish4/glassfish/modules/shoal-gms-api.jar
7fc3e0dc5000-7fc3e0dc8000 r--s 0000c000 fc:00 3541028                    /home/comp3402/Desktop/glassfish4/glassfish/modules/orb-connector.jar
7fc3e0dc8000-7fc3e0dca000 r--s 00005000 fc:00 3540908                    /home/comp3402/Desktop/glassfish4/glassfish/modules/glassfish-corba-internal-api.jar
7fc3e0dca000-7fc3e0dde000 r--s 000b5000 fc:00 3540909                    /home/comp3402/Desktop/glassfish4/glassfish/modules/glassfish-corba-omgapi.jar
7fc3e0dde000-7fc3e0de0000 r--s 00002000 fc:00 3541029                    /home/comp3402/Desktop/glassfish4/glassfish/modules/orb-enabler.jar
7fc3e0de0000-7fc3e0de1000 r--s 00004000 fc:00 3540896                    /home/comp3402/Desktop/glassfish4/glassfish/modules/gf-ejb-connector.jar
7fc3e0de1000-7fc3e0de2000 r--s 00006000 fc:00 3541046                    /home/comp3402/Desktop/glassfish4/glassfish/modules/persistence-common.jar
7fc3e0de2000-7fc3e0de8000 r--s 00027000 fc:00 3540872                    /home/comp3402/Desktop/glassfish4/glassfish/modules/container-common.jar
7fc3e0de8000-7fc3e0dea000 r--s 00007000 fc:00 3540923                    /home/comp3402/Desktop/glassfish4/glassfish/modules/ha-api.jar
7fc3e0dea000-7fc3e0df3000 r--s 00086000 fc:00 3540958                    /home/comp3402/Desktop/glassfish4/glassfish/modules/javax.mail.jar
7fc3e0df3000-7fc3e0df6000 r--s 00012000 fc:00 3540915                    /home/comp3402/Desktop/glassfish4/glassfish/modules/glassfish-naming.jar
7fc3e0df6000-7fc3e0df7000 r--s 00007000 fc:00 3540879                    /home/comp3402/Desktop/glassfish4/glassfish/modules/deployment-javaee-core.jar
7fc3e0df7000-7fc3e0dfb000 r--s 00011000 fc:00 3541071                    /home/comp3402/Desktop/glassfish4/glassfish/modules/stats77.jar
7fc3e0dfb000-7fc3e0dff000 r--s 00016000 fc:00 3541025                    /home/comp3402/Desktop/glassfish4/glassfish/modules/monitoring-core.jar
7fc3e0dff000-7fc3e0e09000 r--s 000ac000 fc:00 3541016                    /home/comp3402/Desktop/glassfish4/glassfish/modules/kernel.jar
7fc3e0e09000-7fc3e0e0b000 r--s 00000000 fc:00 3540807                    /home/comp3402/Desktop/glassfish4/glassfish/modules/api-exporter.jar
7fc3e0e0b000-7fc3e0e0f000 r--s 00029000 fc:00 3541021                    /home/comp3402/Desktop/glassfish4/glassfish/modules/logging.jar
7fc3e0e0f000-7fc3e0e12000 r--s 0001d000 fc:00 3540918                    /home/comp3402/Desktop/glassfish4/glassfish/modules/glassfish.jar
7fc3e0e12000-7fc3e0e13000 r--s 00002000 fc:00 3541068                    /home/comp3402/Desktop/glassfish4/glassfish/modules/simple-glassfish-api.jar
7fc3e0e13000-7fc3e0e16000 r--s 00020000 fc:00 3540892                    /home/comp3402/Desktop/glassfish4/glassfish/modules/flashlight-framework.jar
7fc3e0e16000-7fc3e0e1d000 r--s 0004d000 fc:00 3541062                    /home/comp3402/Desktop/glassfish4/glassfish/modules/security-ee.jar
7fc3e0e1d000-7fc3e0e21000 r--s 000d3000 fc:00 3541019                    /home/comp3402/Desktop/glassfish4/glassfish/modules/libpam4j-repackaged.jar
7fc3e0e21000-7fc3e0e23000 r--s 00001000 fc:00 3540885                    /home/comp3402/Desktop/glassfish4/glassfish/modules/ejb-internal-api.jar
7fc3e0e23000-7fc3e0e24000 r--s 00005000 fc:00 3540955                    /home/comp3402/Desktop/glassfish4/glassfish/modules/javax.interceptor-api.jar
7fc3e0e24000-7fc3e0e27000 r--s 00016000 fc:00 3540855                    /home/comp3402/Desktop/glassfish4/glassfish/modules/connectors-internal-api.jar
7fc3e0e27000-7fc3e0e2a000 r--s 00018000 fc:00 3541056                    /home/comp3402/Desktop/glassfish4/glassfish/modules/resources-connector.jar
7fc3e0e2a000-7fc3e0e2d000 r--s 0000d000 fc:00 3541027                    /home/comp3402/Desktop/glassfish4/glassfish/modules/nucleus-resources.jar
7fc3e0e2d000-7fc3e0e34000 r--s 0004e000 fc:00 3540800                    /home/comp3402/Desktop/glassfish4/glassfish/modules/admin-util.jar
7fc3e0e34000-7fc3e0e36000 r--s 00008000 fc:00 3540937                    /home/comp3402/Desktop/glassfish4/glassfish/modules/jackson-annotations.jar
7fc3e0e36000-7fc3e0e48000 r--s 00105000 fc:00 3540939                    /home/comp3402/Desktop/glassfish4/glassfish/modules/jackson-databind.jar
7fc3e0e48000-7fc3e0e4c000 r--s 00035000 fc:00 3540938                    /home/comp3402/Desktop/glassfish4/glassfish/modules/jackson-core.jar
7fc3e0e4c000-7fc3e0e4e000 r--s 00006000 fc:00 3540940                    /home/comp3402/Desktop/glassfish4/glassfish/modules/jackson-jaxrs-base.jar
7fc3e0e4e000-7fc3e0e53000 r--s 00020000 fc:00 3541063                    /home/comp3402/Desktop/glassfish4/glassfish/modules/security-services.jar
7fc3e0e53000-7fc3e0e55000 r--s 00004000 fc:00 3541073                    /home/comp3402/Desktop/glassfish4/glassfish/modules/transaction-internal-api.jar
7fc3e0e55000-7fc3e0e57000 r--s 0000d000 fc:00 3540942                    /home/comp3402/Desktop/glassfish4/glassfish/modules/jaspic.provider.framework.jar
7fc3e0e57000-7fc3e0e58000 r--s 0000c000 fc:00 3540963                    /home/comp3402/Desktop/glassfish4/glassfish/modules/javax.security.jacc-api.jar
7fc3e0e58000-7fc3e0e5a000 r--s 0000b000 fc:00 3540962                    /home/comp3402/Desktop/glassfish4/glassfish/modules/javax.security.auth.message-api.jar
7fc3e0e5a000-7fc3e0e68000 r--s 000ad000 fc:00 3540881                    /home/comp3402/Desktop/glassfish4/glassfish/modules/dol.jar
7fc3e0e68000-7fc3e0e6a000 r--s 00009000 fc:00 3540803                    /home/comp3402/Desktop/glassfish4/glassfish/modules/annotation-framework.jar
7fc3e0e6a000-7fc3e0e6e000 r--s 0000e000 fc:00 3540961                    /home/comp3402/Desktop/glassfish4/glassfish/modules/javax.resource-api.jar
7fc3e0e6e000-7fc3e0e74000 r--s 00022000 fc:00 3540960                    /home/comp3402/Desktop/glassfish4/glassfish/modules/javax.persistence.jar
7fc3e0e74000-7fc3e0e77000 r--s 0000a000 fc:00 3540952                    /home/comp3402/Desktop/glassfish4/glassfish/modules/javax.enterprise.deploy-api.jar
7fc3e0e77000-7fc3e0e78000 r--s 00002000 fc:00 3540911                    /home/comp3402/Desktop/glassfish4/glassfish/modules/glassfish-ee-api.jar
7fc3e0e78000-7fc3e0e7b000 r--s 00015000 fc:00 3540964                    /home/comp3402/Desktop/glassfish4/glassfish/modules/javax.servlet-api.jar
7fc3e0e7b000-7fc3e0e83000 r--s 00070000 fc:00 3541064                    /home/comp3402/Desktop/glassfish4/glassfish/modules/security.jar
7fc3e0e83000-7fc3e0e86000 r--s 0000b000 fc:00 3541018                    /home/comp3402/Desktop/glassfish4/glassfish/modules/ldapbp-repackaged.jar
7fc3e0e86000-7fc3e0e8a000 r--s 00029000 fc:00 3540878                    /home/comp3402/Desktop/glassfish4/glassfish/modules/deployment-common.jar
7fc3e0e8a000-7fc3e0e8e000 r--s 00047000 fc:00 3540812                    /home/comp3402/Desktop/glassfish4/glassfish/modules/asm-all.jar
7fc3e0e8e000-7fc3e0e90000 r--s 0000b000 fc:00 3541051                    /home/comp3402/Desktop/glassfish4/glassfish/modules/pfl-tf-tools.jar
7fc3e0e90000-7fc3e0e92000 r--s 00010000 fc:00 3541048                    /home/comp3402/Desktop/glassfish4/glassfish/modules/pfl-basic-tools.jar
7fc3e0e92000-7fc3e0e9a000 r--s 0004d000 fc:00 3541050                    /home/comp3402/Desktop/glassfish4/glassfish/modules/pfl-dynamic.jar
7fc3e0e9a000-7fc3e0ea0000 r--s 00051000 fc:00 3541047                    /home/comp3402/Desktop/glassfish4/glassfish/modules/pfl-asm.jar
7fc3e0ea0000-7fc3e0ea3000 r--s 00015000 fc:00 3541052                    /home/comp3402/Desktop/glassfish4/glassfish/modules/pfl-tf.jar
7fc3e0ea3000-7fc3e0ea9000 r--s 00028000 fc:00 3541049                    /home/comp3402/Desktop/glassfish4/glassfish/modules/pfl-basic.jar
7fc3e0ea9000-7fc3e0eae000 r--s 0002d000 fc:00 3540919                    /home/comp3402/Desktop/glassfish4/glassfish/modules/gmbal.jar
7fc3e0eae000-7fc3e0eaf000 r--s 00005000 fc:00 3541070                    /home/comp3402/Desktop/glassfish4/glassfish/modules/ssl-impl.jar
7fc3e0eaf000-7fc3e0eb3000 r--s 0001d000 fc:00 3540935                    /home/comp3402/Desktop/glassfish4/glassfish/modules/internal-api.jar
7fc3e0eb3000-7fc3e0ebf000 r--s 00080000 fc:00 3540851                    /home/comp3402/Desktop/glassfish4/glassfish/modules/config-api.jar
7fc3e0ebf000-7fc3e0ec0000 r--s 00002000 fc:00 3540882                    /home/comp3402/Desktop/glassfish4/glassfish/modules/ejb-client.jar
7fc3e0ec0000-7fc3e0ec2000 r--s 00006000 fc:00 3540969                    /home/comp3402/Desktop/glassfish4/glassfish/modules/javax.transaction-api.jar
7fc3e0ec2000-7fc3e0ec5000 r--s 0000d000 fc:00 3540948                    /home/comp3402/Desktop/glassfish4/glassfish/modules/javax.ejb-api.jar
7fc3e0ec5000-7fc3e0ed0000 r--s 00073000 fc:00 3540848                    /home/comp3402/Desktop/glassfish4/glassfish/modules/common-util.jar
7fc3e0ed0000-7fc3e0ed8000 r--s 00027000 fc:00 3540904                    /home/comp3402/Desktop/glassfish4/glassfish/modules/glassfish-api.jar
7fc3e0ed8000-7fc3e0edb000 r--s 00009000 fc:00 3541022                    /home/comp3402/Desktop/glassfish4/glassfish/modules/management-api.jar
7fc3e0edb000-7fc3e0ef7000 r--s 00178000 fc:00 3541026                    /home/comp3402/Desktop/glassfish4/glassfish/modules/nucleus-grizzly-all.jar
7fc3e0ef7000-7fc3e0efe000 r--s 0005b000 fc:00 3540811                    /home/comp3402/Desktop/glassfish4/glassfish/modules/asm-all-repackaged.jar
7fc3e0efe000-7fc3e0f01000 r--s 00013000 fc:00 3540834                    /home/comp3402/Desktop/glassfish4/glassfish/modules/class-model.jar
7fc3e0f01000-7fc3e0f14000 r--s 000b4000 fc:00 3540831                    /home/comp3402/Desktop/glassfish4/glassfish/modules/bean-validator.jar
7fc3e0f14000-7fc3e0f18000 r--s 0002e000 fc:00 3540928                    /home/comp3402/Desktop/glassfish4/glassfish/modules/hk2-config.jar
7fc3e0f18000-7fc3e1118000 rw-p 00000000 00:00 0 
7fc3e1118000-7fc3e111b000 ---p 00000000 00:00 0 
7fc3e111b000-7fc3e1219000 rw-p 00000000 00:00 0 
7fc3e1219000-7fc3e121c000 ---p 00000000 00:00 0 
7fc3e121c000-7fc3e131a000 rw-p 00000000 00:00 0 
7fc3e131a000-7fc3e131d000 ---p 00000000 00:00 0 
7fc3e131d000-7fc3e161b000 rw-p 00000000 00:00 0 
7fc3e161b000-7fc3e1687000 r-xp 00000000 fc:00 3020686                    /usr/lib/jvm/java-8-oracle/jre/lib/amd64/libt2k.so
7fc3e1687000-7fc3e1887000 ---p 0006c000 fc:00 3020686                    /usr/lib/jvm/java-8-oracle/jre/lib/amd64/libt2k.so
7fc3e1887000-7fc3e188d000 r--p 0006c000 fc:00 3020686                    /usr/lib/jvm/java-8-oracle/jre/lib/amd64/libt2k.so
7fc3e188d000-7fc3e188e000 rw-p 00072000 fc:00 3020686                    /usr/lib/jvm/java-8-oracle/jre/lib/amd64/libt2k.so
7fc3e188e000-7fc3e189f000 r-xp 00000000 fc:00 3020727                    /usr/lib/jvm/java-8-oracle/jre/lib/amd64/libnio.so
7fc3e189f000-7fc3e1a9e000 ---p 00011000 fc:00 3020727                    /usr/lib/jvm/java-8-oracle/jre/lib/amd64/libnio.so
7fc3e1a9e000-7fc3e1a9f000 r--p 00010000 fc:00 3020727                    /usr/lib/jvm/java-8-oracle/jre/lib/amd64/libnio.so
7fc3e1a9f000-7fc3e1aa0000 rw-p 00011000 fc:00 3020727                    /usr/lib/jvm/java-8-oracle/jre/lib/amd64/libnio.so
7fc3e1aa0000-7fc3e1ab6000 r-xp 00000000 fc:00 3020724                    /usr/lib/jvm/java-8-oracle/jre/lib/amd64/libnet.so
7fc3e1ab6000-7fc3e1cb6000 ---p 00016000 fc:00 3020724                    /usr/lib/jvm/java-8-oracle/jre/lib/amd64/libnet.so
7fc3e1cb6000-7fc3e1cb7000 r--p 00016000 fc:00 3020724                    /usr/lib/jvm/java-8-oracle/jre/lib/amd64/libnet.so
7fc3e1cb7000-7fc3e1cb8000 rw-p 00017000 fc:00 3020724                    /usr/lib/jvm/java-8-oracle/jre/lib/amd64/libnet.so
7fc3e1cb8000-7fc3e1eb8000 rw-p 00000000 00:00 0 
7fc3e1eb8000-7fc3e1ebb000 ---p 00000000 00:00 0 
7fc3e1ebb000-7fc3e1fb9000 rw-p 00000000 00:00 0 
7fc3e1fb9000-7fc3e1fbe000 r-xp 00000000 fc:00 2885024                    /usr/lib/x86_64-linux-gnu/libXfixes.so.3.1.0
7fc3e1fbe000-7fc3e21bd000 ---p 00005000 fc:00 2885024                    /usr/lib/x86_64-linux-gnu/libXfixes.so.3.1.0
7fc3e21bd000-7fc3e21be000 r--p 00004000 fc:00 2885024                    /usr/lib/x86_64-linux-gnu/libXfixes.so.3.1.0
7fc3e21be000-7fc3e21bf000 rw-p 00005000 fc:00 2885024                    /usr/lib/x86_64-linux-gnu/libXfixes.so.3.1.0
7fc3e21bf000-7fc3e21c8000 r-xp 00000000 fc:00 2885625                    /usr/lib/x86_64-linux-gnu/libXcursor.so.1.0.2
7fc3e21c8000-7fc3e23c7000 ---p 00009000 fc:00 2885625                    /usr/lib/x86_64-linux-gnu/libXcursor.so.1.0.2
7fc3e23c7000-7fc3e23c8000 r--p 00008000 fc:00 2885625                    /usr/lib/x86_64-linux-gnu/libXcursor.so.1.0.2
7fc3e23c8000-7fc3e23c9000 rw-p 00009000 fc:00 2885625                    /usr/lib/x86_64-linux-gnu/libXcursor.so.1.0.2
7fc3e23c9000-7fc3e23cc000 ---p 00000000 00:00 0 
7fc3e23cc000-7fc3e24ca000 rw-p 00000000 00:00 0 
7fc3e24ca000-7fc3e24e0000 r-xp 00000000 fc:00 2621967                    /lib/x86_64-linux-gnu/libgcc_s.so.1
7fc3e24e0000-7fc3e26df000 ---p 00016000 fc:00 2621967                    /lib/x86_64-linux-gnu/libgcc_s.so.1
7fc3e26df000-7fc3e26e0000 rw-p 00015000 fc:00 2621967                    /lib/x86_64-linux-gnu/libgcc_s.so.1
7fc3e26e0000-7fc3e273d000 r-xp 00000000 fc:00 3020704                    /usr/lib/jvm/java-8-oracle/jre/lib/amd64/libfontmanager.so
7fc3e273d000-7fc3e293d000 ---p 0005d000 fc:00 3020704                    /usr/lib/jvm/java-8-oracle/jre/lib/amd64/libfontmanager.so
7fc3e293d000-7fc3e2940000 r--p 0005d000 fc:00 3020704                    /usr/lib/jvm/java-8-oracle/jre/lib/amd64/libfontmanager.so
7fc3e2940000-7fc3e2941000 rw-p 00060000 fc:00 3020704                    /usr/lib/jvm/java-8-oracle/jre/lib/amd64/libfontmanager.so
7fc3e2941000-7fc3e2946000 r-xp 00000000 fc:00 2883648                    /usr/lib/x86_64-linux-gnu/libXdmcp.so.6.0.0
7fc3e2946000-7fc3e2b45000 ---p 00005000 fc:00 2883648                    /usr/lib/x86_64-linux-gnu/libXdmcp.so.6.0.0
7fc3e2b45000-7fc3e2b46000 r--p 00004000 fc:00 2883648                    /usr/lib/x86_64-linux-gnu/libXdmcp.so.6.0.0
7fc3e2b46000-7fc3e2b47000 rw-p 00005000 fc:00 2883648                    /usr/lib/x86_64-linux-gnu/libXdmcp.so.6.0.0
7fc3e2b47000-7fc3e2b49000 r-xp 00000000 fc:00 2883599                    /usr/lib/x86_64-linux-gnu/libXau.so.6.0.0
7fc3e2b49000-7fc3e2d49000 ---p 00002000 fc:00 2883599                    /usr/lib/x86_64-linux-gnu/libXau.so.6.0.0
7fc3e2d49000-7fc3e2d4a000 r--p 00002000 fc:00 2883599                    /usr/lib/x86_64-linux-gnu/libXau.so.6.0.0
7fc3e2d4a000-7fc3e2d4b000 rw-p 00003000 fc:00 2883599                    /usr/lib/x86_64-linux-gnu/libXau.so.6.0.0
7fc3e2d4b000-7fc3e2d6c000 r-xp 00000000 fc:00 2883686                    /usr/lib/x86_64-linux-gnu/libxcb.so.1.1.0
7fc3e2d6c000-7fc3e2f6b000 ---p 00021000 fc:00 2883686                    /usr/lib/x86_64-linux-gnu/libxcb.so.1.1.0
7fc3e2f6b000-7fc3e2f6c000 r--p 00020000 fc:00 2883686                    /usr/lib/x86_64-linux-gnu/libxcb.so.1.1.0
7fc3e2f6c000-7fc3e2f6d000 rw-p 00021000 fc:00 2883686                    /usr/lib/x86_64-linux-gnu/libxcb.so.1.1.0
7fc3e2f6d000-7fc3e2f7c000 r-xp 00000000 fc:00 2886395                    /usr/lib/x86_64-linux-gnu/libXi.so.6.1.0
7fc3e2f7c000-7fc3e317b000 ---p 0000f000 fc:00 2886395                    /usr/lib/x86_64-linux-gnu/libXi.so.6.1.0
7fc3e317b000-7fc3e317c000 r--p 0000e000 fc:00 2886395                    /usr/lib/x86_64-linux-gnu/libXi.so.6.1.0
7fc3e317c000-7fc3e317d000 rw-p 0000f000 fc:00 2886395                    /usr/lib/x86_64-linux-gnu/libXi.so.6.1.0
7fc3e317d000-7fc3e3182000 r-xp 00000000 fc:00 2885041                    /usr/lib/x86_64-linux-gnu/libXtst.so.6.1.0
7fc3e3182000-7fc3e3381000 ---p 00005000 fc:00 2885041                    /usr/lib/x86_64-linux-gnu/libXtst.so.6.1.0
7fc3e3381000-7fc3e3382000 r--p 00004000 fc:00 2885041                    /usr/lib/x86_64-linux-gnu/libXtst.so.6.1.0
7fc3e3382000-7fc3e3383000 rw-p 00005000 fc:00 2885041                    /usr/lib/x86_64-linux-gnu/libXtst.so.6.1.0
7fc3e3383000-7fc3e338c000 r-xp 00000000 fc:00 2885618                    /usr/lib/x86_64-linux-gnu/libXrender.so.1.3.0
7fc3e338c000-7fc3e358b000 ---p 00009000 fc:00 2885618                    /usr/lib/x86_64-linux-gnu/libXrender.so.1.3.0
7fc3e358b000-7fc3e358c000 r--p 00008000 fc:00 2885618                    /usr/lib/x86_64-linux-gnu/libXrender.so.1.3.0
7fc3e358c000-7fc3e358d000 rw-p 00009000 fc:00 2885618                    /usr/lib/x86_64-linux-gnu/libXrender.so.1.3.0
7fc3e358d000-7fc3e36c2000 r-xp 00000000 fc:00 2884968                    /usr/lib/x86_64-linux-gnu/libX11.so.6.3.0
7fc3e36c2000-7fc3e38c2000 ---p 00135000 fc:00 2884968                    /usr/lib/x86_64-linux-gnu/libX11.so.6.3.0
7fc3e38c2000-7fc3e38c3000 r--p 00135000 fc:00 2884968                    /usr/lib/x86_64-linux-gnu/libX11.so.6.3.0
7fc3e38c3000-7fc3e38c7000 rw-p 00136000 fc:00 2884968                    /usr/lib/x86_64-linux-gnu/libX11.so.6.3.0
7fc3e38c7000-7fc3e38d8000 r-xp 00000000 fc:00 2884975                    /usr/lib/x86_64-linux-gnu/libXext.so.6.4.0
7fc3e38d8000-7fc3e3ad7000 ---p 00011000 fc:00 2884975                    /usr/lib/x86_64-linux-gnu/libXext.so.6.4.0
7fc3e3ad7000-7fc3e3ad8000 r--p 00010000 fc:00 2884975                    /usr/lib/x86_64-linux-gnu/libXext.so.6.4.0
7fc3e3ad8000-7fc3e3ad9000 rw-p 00011000 fc:00 2884975                    /usr/lib/x86_64-linux-gnu/libXext.so.6.4.0
7fc3e3ad9000-7fc3e3b2c000 r-xp 00000000 fc:00 3020731                    /usr/lib/jvm/java-8-oracle/jre/lib/amd64/libawt_xawt.so
7fc3e3b2c000-7fc3e3d2b000 ---p 00053000 fc:00 3020731                    /usr/lib/jvm/java-8-oracle/jre/lib/amd64/libawt_xawt.so
7fc3e3d2b000-7fc3e3d2c000 r--p 00052000 fc:00 3020731                    /usr/lib/jvm/java-8-oracle/jre/lib/amd64/libawt_xawt.so
7fc3e3d2c000-7fc3e3d2f000 rw-p 00053000 fc:00 3020731                    /usr/lib/jvm/java-8-oracle/jre/lib/amd64/libawt_xawt.so
7fc3e3d2f000-7fc3e3d30000 rw-p 00000000 00:00 0 
7fc3e3d30000-7fc3e3dd0000 r-xp 00000000 fc:00 3020717                    /usr/lib/jvm/java-8-oracle/jre/lib/amd64/libawt.so
7fc3e3dd0000-7fc3e3fcf000 ---p 000a0000 fc:00 3020717                    /usr/lib/jvm/java-8-oracle/jre/lib/amd64/libawt.so
7fc3e3fcf000-7fc3e3fd0000 r--p 0009f000 fc:00 3020717                    /usr/lib/jvm/java-8-oracle/jre/lib/amd64/libawt.so
7fc3e3fd0000-7fc3e3fdb000 rw-p 000a0000 fc:00 3020717                    /usr/lib/jvm/java-8-oracle/jre/lib/amd64/libawt.so
7fc3e3fdb000-7fc3e4000000 rw-p 00000000 00:00 0 
7fc3e4000000-7fc3e4840000 rw-p 00000000 00:00 0 
7fc3e4840000-7fc3e8000000 ---p 00000000 00:00 0 
7fc3e8000000-7fc3e8021000 rw-p 00000000 00:00 0 
7fc3e8021000-7fc3ec000000 ---p 00000000 00:00 0 
7fc3ec000000-7fc3ec021000 rw-p 00000000 00:00 0 
7fc3ec021000-7fc3f0000000 ---p 00000000 00:00 0 
7fc3f0000000-7fc3f1852000 rw-p 00000000 00:00 0 
7fc3f1852000-7fc3f4000000 ---p 00000000 00:00 0 
7fc3f4000000-7fc3f4034000 rw-p 00000000 00:00 0 
7fc3f4034000-7fc3f8000000 ---p 00000000 00:00 0 
7fc3f8000000-7fc3f8021000 rw-p 00000000 00:00 0 
7fc3f8021000-7fc3fc000000 ---p 00000000 00:00 0 
7fc3fc000000-7fc3fc048000 rw-p 00000000 00:00 0 
7fc3fc048000-7fc400000000 ---p 00000000 00:00 0 
7fc400000000-7fc4002d1000 rw-p 00000000 00:00 0 
7fc4002d1000-7fc404000000 ---p 00000000 00:00 0 
7fc404000000-7fc404021000 rw-p 00000000 00:00 0 
7fc404021000-7fc408000000 ---p 00000000 00:00 0 
7fc408000000-7fc408002000 r--s 0000c000 fc:00 3540931                    /home/comp3402/Desktop/glassfish4/glassfish/modules/hk2-runlevel.jar
7fc408002000-7fc408004000 r--s 00001000 fc:00 3540852                    /home/comp3402/Desktop/glassfish4/glassfish/modules/config-types.jar
7fc408004000-7fc408005000 r--s 00000000 fc:00 3540933                    /home/comp3402/Desktop/glassfish4/glassfish/modules/hk2.jar
7fc408005000-7fc408007000 r--s 00002000 fc:00 3541060                    /home/comp3402/Desktop/glassfish4/glassfish/modules/scattered-archive-api.jar
7fc408007000-7fc40800a000 r--s 00016000 fc:00 3540932                    /home/comp3402/Desktop/glassfish4/glassfish/modules/hk2-utils.jar
7fc40800a000-7fc408014000 r--s 000a5000 fc:00 3540946                    /home/comp3402/Desktop/glassfish4/glassfish/modules/javassist.jar
7fc408014000-7fc408019000 r--s 00026000 fc:00 3540927                    /home/comp3402/Desktop/glassfish4/glassfish/modules/hk2-api.jar
7fc408019000-7fc40801b000 r--s 00002000 fc:00 3540806                    /home/comp3402/Desktop/glassfish4/glassfish/modules/aopalliance-repackaged.jar
7fc40801b000-7fc40801c000 ---p 00000000 00:00 0 
7fc40801c000-7fc40811c000 rw-p 00000000 00:00 0 
7fc40811c000-7fc40811f000 ---p 00000000 00:00 0 
7fc40811f000-7fc40821d000 rw-p 00000000 00:00 0 
7fc40821d000-7fc408220000 ---p 00000000 00:00 0 
7fc408220000-7fc40831e000 rw-p 00000000 00:00 0 
7fc40831e000-7fc408321000 ---p 00000000 00:00 0 
7fc408321000-7fc40841f000 rw-p 00000000 00:00 0 
7fc40841f000-7fc408422000 ---p 00000000 00:00 0 
7fc408422000-7fc408520000 rw-p 00000000 00:00 0 
7fc408520000-7fc4087f8000 r--p 00000000 fc:00 2888566                    /usr/lib/locale/locale-archive
7fc4087f8000-7fc4087fb000 ---p 00000000 00:00 0 
7fc4087fb000-7fc4088f9000 rw-p 00000000 00:00 0 
7fc4088f9000-7fc4088fc000 ---p 00000000 00:00 0 
7fc4088fc000-7fc4089fa000 rw-p 00000000 00:00 0 
7fc4089fa000-7fc4089fb000 ---p 00000000 00:00 0 
7fc4089fb000-7fc409000000 rw-p 00000000 00:00 0 
7fc409000000-7fc4099d0000 rwxp 00000000 00:00 0 
7fc4099d0000-7fc418000000 ---p 00000000 00:00 0 
7fc418000000-7fc4184c5000 rw-p 00000000 00:00 0 
7fc4184c5000-7fc41c000000 ---p 00000000 00:00 0 
7fc41c000000-7fc41c001000 r--s 00001000 fc:00 3540954                    /home/comp3402/Desktop/glassfish4/glassfish/modules/javax.inject.jar
7fc41c001000-7fc41c004000 r--s 00029000 fc:00 3540930                    /home/comp3402/Desktop/glassfish4/glassfish/modules/hk2-locator.jar
7fc41c004000-7fc41c007000 r--s 0001a000 fc:00 3540929                    /home/comp3402/Desktop/glassfish4/glassfish/modules/hk2-core.jar
7fc41c007000-7fc41c011000 r--s 00116000 fc:00 3020575                    /usr/lib/jvm/java-8-oracle/jre/lib/ext/localedata.jar
7fc41c011000-7fc41c02d000 r--s 00393000 fc:00 3020568                    /usr/lib/jvm/java-8-oracle/jre/lib/ext/cldrdata.jar
7fc41c02d000-7fc41c040000 r--s 00345000 fc:00 3020545                    /usr/lib/jvm/java-8-oracle/jre/lib/resources.jar
7fc41c040000-7fc41c4f6000 rw-p 00000000 00:00 0 
7fc41c4f6000-7fc41c6d0000 r--s 03d6f000 fc:00 3020507                    /usr/lib/jvm/java-8-oracle/jre/lib/rt.jar
7fc41c6d0000-7fc41e04c000 rw-p 00000000 00:00 0 
7fc41e04c000-7fc41e04d000 ---p 00000000 00:00 0 
7fc41e04d000-7fc41e14d000 rw-p 00000000 00:00 0 
7fc41e14d000-7fc41e14e000 ---p 00000000 00:00 0 
7fc41e14e000-7fc41e266000 rw-p 00000000 00:00 0 
7fc41e266000-7fc41e2f5000 ---p 00000000 00:00 0 
7fc41e2f5000-7fc41e347000 rw-p 00000000 00:00 0 
7fc41e347000-7fc41e349000 ---p 00000000 00:00 0 
7fc41e349000-7fc41e372000 rw-p 00000000 00:00 0 
7fc41e372000-7fc41e70a000 ---p 00000000 00:00 0 
7fc41e70a000-7fc41e725000 r-xp 00000000 fc:00 3020720                    /usr/lib/jvm/java-8-oracle/jre/lib/amd64/libzip.so
7fc41e725000-7fc41e924000 ---p 0001b000 fc:00 3020720                    /usr/lib/jvm/java-8-oracle/jre/lib/amd64/libzip.so
7fc41e924000-7fc41e925000 r--p 0001a000 fc:00 3020720                    /usr/lib/jvm/java-8-oracle/jre/lib/amd64/libzip.so
7fc41e925000-7fc41e926000 rw-p 0001b000 fc:00 3020720                    /usr/lib/jvm/java-8-oracle/jre/lib/amd64/libzip.so
7fc41e926000-7fc41e931000 r-xp 00000000 fc:00 2622005                    /lib/x86_64-linux-gnu/libnss_files-2.23.so
7fc41e931000-7fc41eb30000 ---p 0000b000 fc:00 2622005                    /lib/x86_64-linux-gnu/libnss_files-2.23.so
7fc41eb30000-7fc41eb31000 r--p 0000a000 fc:00 2622005                    /lib/x86_64-linux-gnu/libnss_files-2.23.so
7fc41eb31000-7fc41eb32000 rw-p 0000b000 fc:00 2622005                    /lib/x86_64-linux-gnu/libnss_files-2.23.so
7fc41eb32000-7fc41eb38000 rw-p 00000000 00:00 0 
7fc41eb38000-7fc41eb43000 r-xp 00000000 fc:00 2622009                    /lib/x86_64-linux-gnu/libnss_nis-2.23.so
7fc41eb43000-7fc41ed42000 ---p 0000b000 fc:00 2622009                    /lib/x86_64-linux-gnu/libnss_nis-2.23.so
7fc41ed42000-7fc41ed43000 r--p 0000a000 fc:00 2622009                    /lib/x86_64-linux-gnu/libnss_nis-2.23.so
7fc41ed43000-7fc41ed44000 rw-p 0000b000 fc:00 2622009                    /lib/x86_64-linux-gnu/libnss_nis-2.23.so
7fc41ed44000-7fc41ed5a000 r-xp 00000000 fc:00 2621999                    /lib/x86_64-linux-gnu/libnsl-2.23.so
7fc41ed5a000-7fc41ef59000 ---p 00016000 fc:00 2621999                    /lib/x86_64-linux-gnu/libnsl-2.23.so
7fc41ef59000-7fc41ef5a000 r--p 00015000 fc:00 2621999                    /lib/x86_64-linux-gnu/libnsl-2.23.so
7fc41ef5a000-7fc41ef5b000 rw-p 00016000 fc:00 2621999                    /lib/x86_64-linux-gnu/libnsl-2.23.so
7fc41ef5b000-7fc41ef5d000 rw-p 00000000 00:00 0 
7fc41ef5d000-7fc41ef65000 r-xp 00000000 fc:00 2622001                    /lib/x86_64-linux-gnu/libnss_compat-2.23.so
7fc41ef65000-7fc41f164000 ---p 00008000 fc:00 2622001                    /lib/x86_64-linux-gnu/libnss_compat-2.23.so
7fc41f164000-7fc41f165000 r--p 00007000 fc:00 2622001                    /lib/x86_64-linux-gnu/libnss_compat-2.23.so
7fc41f165000-7fc41f166000 rw-p 00008000 fc:00 2622001                    /lib/x86_64-linux-gnu/libnss_compat-2.23.so
7fc41f166000-7fc41f192000 r-xp 00000000 fc:00 3020714                    /usr/lib/jvm/java-8-oracle/jre/lib/amd64/libjava.so
7fc41f192000-7fc41f392000 ---p 0002c000 fc:00 3020714                    /usr/lib/jvm/java-8-oracle/jre/lib/amd64/libjava.so
7fc41f392000-7fc41f393000 r--p 0002c000 fc:00 3020714                    /usr/lib/jvm/java-8-oracle/jre/lib/amd64/libjava.so
7fc41f393000-7fc41f395000 rw-p 0002d000 fc:00 3020714                    /usr/lib/jvm/java-8-oracle/jre/lib/amd64/libjava.so
7fc41f395000-7fc41f3a2000 r-xp 00000000 fc:00 3020719                    /usr/lib/jvm/java-8-oracle/jre/lib/amd64/libverify.so
7fc41f3a2000-7fc41f5a1000 ---p 0000d000 fc:00 3020719                    /usr/lib/jvm/java-8-oracle/jre/lib/amd64/libverify.so
7fc41f5a1000-7fc41f5a3000 r--p 0000c000 fc:00 3020719                    /usr/lib/jvm/java-8-oracle/jre/lib/amd64/libverify.so
7fc41f5a3000-7fc41f5a4000 rw-p 0000e000 fc:00 3020719                    /usr/lib/jvm/java-8-oracle/jre/lib/amd64/libverify.so
7fc41f5a4000-7fc41f5ab000 r-xp 00000000 fc:00 2622034                    /lib/x86_64-linux-gnu/librt-2.23.so
7fc41f5ab000-7fc41f7aa000 ---p 00007000 fc:00 2622034                    /lib/x86_64-linux-gnu/librt-2.23.so
7fc41f7aa000-7fc41f7ab000 r--p 00006000 fc:00 2622034                    /lib/x86_64-linux-gnu/librt-2.23.so
7fc41f7ab000-7fc41f7ac000 rw-p 00007000 fc:00 2622034                    /lib/x86_64-linux-gnu/librt-2.23.so
7fc41f7ac000-7fc41f8b4000 r-xp 00000000 fc:00 2621982                    /lib/x86_64-linux-gnu/libm-2.23.so
7fc41f8b4000-7fc41fab3000 ---p 00108000 fc:00 2621982                    /lib/x86_64-linux-gnu/libm-2.23.so
7fc41fab3000-7fc41fab4000 r--p 00107000 fc:00 2621982                    /lib/x86_64-linux-gnu/libm-2.23.so
7fc41fab4000-7fc41fab5000 rw-p 00108000 fc:00 2621982                    /lib/x86_64-linux-gnu/libm-2.23.so
7fc41fab5000-7fc42079d000 r-xp 00000000 fc:00 3020696                    /usr/lib/jvm/java-8-oracle/jre/lib/amd64/server/libjvm.so
7fc42079d000-7fc42099c000 ---p 00ce8000 fc:00 3020696                    /usr/lib/jvm/java-8-oracle/jre/lib/amd64/server/libjvm.so
7fc42099c000-7fc420a32000 r--p 00ce7000 fc:00 3020696                    /usr/lib/jvm/java-8-oracle/jre/lib/amd64/server/libjvm.so
7fc420a32000-7fc420a63000 rw-p 00d7d000 fc:00 3020696                    /usr/lib/jvm/java-8-oracle/jre/lib/amd64/server/libjvm.so
7fc420a63000-7fc420a9e000 rw-p 00000000 00:00 0 
7fc420a9e000-7fc420c5e000 r-xp 00000000 fc:00 2621941                    /lib/x86_64-linux-gnu/libc-2.23.so
7fc420c5e000-7fc420e5e000 ---p 001c0000 fc:00 2621941                    /lib/x86_64-linux-gnu/libc-2.23.so
7fc420e5e000-7fc420e62000 r--p 001c0000 fc:00 2621941                    /lib/x86_64-linux-gnu/libc-2.23.so
7fc420e62000-7fc420e64000 rw-p 001c4000 fc:00 2621941                    /lib/x86_64-linux-gnu/libc-2.23.so
7fc420e64000-7fc420e68000 rw-p 00000000 00:00 0 
7fc420e68000-7fc420e6b000 r-xp 00000000 fc:00 2621955                    /lib/x86_64-linux-gnu/libdl-2.23.so
7fc420e6b000-7fc42106a000 ---p 00003000 fc:00 2621955                    /lib/x86_64-linux-gnu/libdl-2.23.so
7fc42106a000-7fc42106b000 r--p 00002000 fc:00 2621955                    /lib/x86_64-linux-gnu/libdl-2.23.so
7fc42106b000-7fc42106c000 rw-p 00003000 fc:00 2621955                    /lib/x86_64-linux-gnu/libdl-2.23.so
7fc42106c000-7fc421083000 r-xp 00000000 fc:00 2894315                    /usr/lib/jvm/java-8-oracle/lib/amd64/jli/libjli.so
7fc421083000-7fc421282000 ---p 00017000 fc:00 2894315                    /usr/lib/jvm/java-8-oracle/lib/amd64/jli/libjli.so
7fc421282000-7fc421283000 r--p 00016000 fc:00 2894315                    /usr/lib/jvm/java-8-oracle/lib/amd64/jli/libjli.so
7fc421283000-7fc421284000 rw-p 00017000 fc:00 2894315                    /usr/lib/jvm/java-8-oracle/lib/amd64/jli/libjli.so
7fc421284000-7fc42129c000 r-xp 00000000 fc:00 2622028                    /lib/x86_64-linux-gnu/libpthread-2.23.so
7fc42129c000-7fc42149b000 ---p 00018000 fc:00 2622028                    /lib/x86_64-linux-gnu/libpthread-2.23.so
7fc42149b000-7fc42149c000 r--p 00017000 fc:00 2622028                    /lib/x86_64-linux-gnu/libpthread-2.23.so
7fc42149c000-7fc42149d000 rw-p 00018000 fc:00 2622028                    /lib/x86_64-linux-gnu/libpthread-2.23.so
7fc42149d000-7fc4214a1000 rw-p 00000000 00:00 0 
7fc4214a1000-7fc4214c7000 r-xp 00000000 fc:00 2621917                    /lib/x86_64-linux-gnu/ld-2.23.so
7fc4214c7000-7fc4214cb000 r--s 000a1000 fc:00 3020564                    /usr/lib/jvm/java-8-oracle/jre/lib/jsse.jar
7fc4214cb000-7fc4214d0000 r--s 00084000 fc:00 3020424                    /usr/lib/jvm/java-8-oracle/jre/lib/jfr.jar
7fc4214d0000-7fc4214d5000 r--s 002f9000 fc:00 3020505                    /usr/lib/jvm/java-8-oracle/jre/lib/charsets.jar
7fc4214d5000-7fc4214d9000 r--s 000a1000 fc:00 3020564                    /usr/lib/jvm/java-8-oracle/jre/lib/jsse.jar
7fc4214d9000-7fc421523000 rw-p 00000000 00:00 0 
7fc421523000-7fc4215b3000 ---p 00000000 00:00 0 
7fc4215b3000-7fc4215b6000 ---p 00000000 00:00 0 
7fc4215b6000-7fc4216b9000 rw-p 00000000 00:00 0 
7fc4216b9000-7fc4216bc000 r--s 0001a000 fc:00 3020740                    /usr/lib/jvm/java-8-oracle/jre/lib/jce.jar
7fc4216bc000-7fc4216c4000 rw-s 00000000 fc:00 1310752                    /tmp/hsperfdata_comp3402/3536
7fc4216c4000-7fc4216c5000 rw-p 00000000 00:00 0 
7fc4216c5000-7fc4216c6000 ---p 00000000 00:00 0 
7fc4216c6000-7fc4216c7000 r--p 00025000 fc:00 2621917                    /lib/x86_64-linux-gnu/ld-2.23.so
7fc4216c7000-7fc4216c8000 rw-p 00026000 fc:00 2621917                    /lib/x86_64-linux-gnu/ld-2.23.so
7fc4216c8000-7fc4216c9000 rw-p 00000000 00:00 0 
7ffeb9a86000-7ffeb9aab000 rw-p 00000000 00:00 0                          [stack]
7ffeb9ae8000-7ffeb9aeb000 r--p 00000000 00:00 0                          [vvar]
7ffeb9aeb000-7ffeb9aed000 r-xp 00000000 00:00 0                          [vdso]
ffffffffff600000-ffffffffff601000 r-xp 00000000 00:00 0                  [vsyscall]

VM Arguments:
jvm_args: -Dfile.encoding=UTF-8 
java_command: garbage.client.Main
java_class_path (initial): /usr/lib/jvm/java-8-oracle/jre/lib/resources.jar:/usr/lib/jvm/java-8-oracle/jre/lib/rt.jar:/usr/lib/jvm/java-8-oracle/jre/lib/jsse.jar:/usr/lib/jvm/java-8-oracle/jre/lib/jce.jar:/usr/lib/jvm/java-8-oracle/jre/lib/charsets.jar:/usr/lib/jvm/java-8-oracle/jre/lib/jfr.jar:/usr/lib/jvm/java-8-oracle/jre/lib/ext/sunpkcs11.jar:/usr/lib/jvm/java-8-oracle/jre/lib/ext/cldrdata.jar:/usr/lib/jvm/java-8-oracle/jre/lib/ext/dnsns.jar:/usr/lib/jvm/java-8-oracle/jre/lib/ext/nashorn.jar:/usr/lib/jvm/java-8-oracle/jre/lib/ext/localedata.jar:/usr/lib/jvm/java-8-oracle/jre/lib/ext/zipfs.jar:/usr/lib/jvm/java-8-oracle/jre/lib/ext/sunjce_provider.jar:/usr/lib/jvm/java-8-oracle/jre/lib/ext/jfxrt.jar:/usr/lib/jvm/java-8-oracle/jre/lib/ext/jaccess.jar:/usr/lib/jvm/java-8-oracle/jre/lib/ext/sunec.jar:/home/comp3402/Desktop/garbage/garbageclientmain/bin:/home/comp3402/Desktop/garbage/garbageclient/bin:/home/comp3402/Desktop/garbage/garbagegameplay/bin:/home/comp3402/Desktop/garbage/garbage/bin:/home/comp3402/Desktop/garbage/garbagefish/bin:/home/comp3402/Desktop/glassfish4/glassfish/modules/hk2-core.jar:/home/comp3402/Desktop/glassfish4/glassfish/modules/hk2-locator.jar:/home/comp3402/Desktop/glassfish4/glassfish/modules/javax.inject.jar:/home/comp3402/Desktop/glassfish4/glassfish/modules/aopalliance-repackaged.jar:/home/comp3402/Desktop/glassfish4/glassfish/modules/hk2-api.jar:/home/comp3402/Desktop/glassfish4/glassfish/modules/javassist.jar:/home/comp3402/Desktop/glassfish4/glassfish/modules/hk2-utils.jar:/home/comp3402/Desktop/glassfish4/glassfish/modules/scattered-archive-api.jar:/home/comp3402/Desktop/glassfish4/glassfish/modules/hk2.jar:/home/comp3402/Desktop/glassfish4/glassfish/modules/config-types.jar:/home/comp3402/Desktop/glassfish4/glassfish/modules/hk2-config.jar:/home/comp3402/Desktop/glassfish4/glassfish/modules/bean-validator.jar:/home/comp3402/Desktop/glassfish4/glassfish/modules/hk2-runlevel.jar:/home/comp3402/Desktop/glassfish4/glassfish/modules/
Launcher Type: SUN_STANDARD

Environment Variables:
JAVA_HOME=/usr/lib/jvm/java-11-oracle
PATH=/home/comp3402/bin:/home/comp3402/.local/bin:/usr/local/sbin:/usr/local/bin:/usr/sbin:/usr/bin:/sbin:/bin:/usr/games:/usr/local/games:/snap/bin:/usr/lib/jvm/java-11-oracle/bin:/usr/lib/jvm/java-11-oracle/db/bin
SHELL=/bin/bash
DISPLAY=:0.0

Signal Handlers:
SIGSEGV: [libjvm.so+0xad3e60], sa_mask[0]=11111111011111111101111111111110, sa_flags=SA_RESTART|SA_SIGINFO
SIGBUS: [libjvm.so+0xad3e60], sa_mask[0]=11111111011111111101111111111110, sa_flags=SA_RESTART|SA_SIGINFO
SIGFPE: [libjvm.so+0x90b880], sa_mask[0]=11111111011111111101111111111110, sa_flags=SA_RESTART|SA_SIGINFO
SIGPIPE: [libjvm.so+0x90b880], sa_mask[0]=11111111011111111101111111111110, sa_flags=SA_RESTART|SA_SIGINFO
SIGXFSZ: [libjvm.so+0x90b880], sa_mask[0]=11111111011111111101111111111110, sa_flags=SA_RESTART|SA_SIGINFO
SIGILL: [libjvm.so+0x90b880], sa_mask[0]=11111111011111111101111111111110, sa_flags=SA_RESTART|SA_SIGINFO
SIGUSR1: SIG_DFL, sa_mask[0]=00000000000000000000000000000000, sa_flags=none
SIGUSR2: [libjvm.so+0x90b750], sa_mask[0]=00100000000000000000000000000000, sa_flags=SA_RESTART|SA_SIGINFO
SIGHUP: [libjvm.so+0x90bd70], sa_mask[0]=11111111011111111101111111111110, sa_flags=SA_RESTART|SA_SIGINFO
SIGINT: [libjvm.so+0x90bd70], sa_mask[0]=11111111011111111101111111111110, sa_flags=SA_RESTART|SA_SIGINFO
SIGTERM: [libjvm.so+0x90bd70], sa_mask[0]=11111111011111111101111111111110, sa_flags=SA_RESTART|SA_SIGINFO
SIGQUIT: [libjvm.so+0x90bd70], sa_mask[0]=11111111011111111101111111111110, sa_flags=SA_RESTART|SA_SIGINFO


---------------  S Y S T E M  ---------------

OS:DISTRIB_ID=Ubuntu
DISTRIB_RELEASE=16.04
DISTRIB_CODENAME=xenial
DISTRIB_DESCRIPTION="Ubuntu 16.04.5 LTS"

uname:Linux 4.4.0-131-generic #157-Ubuntu SMP Thu Jul 12 15:51:36 UTC 2018 x86_64
libc:glibc 2.23 NPTL 2.23 
rlimit: STACK 8192k, CORE 0k, NPROC 7884, NOFILE 1048576, AS infinity
load average:2.88 0.85 0.52

/proc/meminfo:
MemTotal:        2048032 kB
MemFree:           70036 kB
MemAvailable:       7092 kB
Buffers:             264 kB
Cached:            14224 kB
SwapCached:          780 kB
Active:          1408980 kB
Inactive:         483360 kB
Active(anon):    1407552 kB
Inactive(anon):   477124 kB
Active(file):       1428 kB
Inactive(file):     6236 kB
Unevictable:        3684 kB
Mlocked:            3684 kB
SwapTotal:       1003516 kB
SwapFree:            112 kB
Dirty:                80 kB
Writeback:             0 kB
AnonPages:       1881248 kB
Mapped:            11224 kB
Shmem:              4072 kB
Slab:              37768 kB
SReclaimable:      17240 kB
SUnreclaim:        20528 kB
KernelStack:        8592 kB
PageTables:        18960 kB
NFS_Unstable:          0 kB
Bounce:                0 kB
WritebackTmp:          0 kB
CommitLimit:     2027532 kB
Committed_AS:    4146900 kB
VmallocTotal:   34359738367 kB
VmallocUsed:           0 kB
VmallocChunk:          0 kB
HardwareCorrupted:     0 kB
AnonHugePages:         0 kB
CmaTotal:              0 kB
CmaFree:               0 kB
HugePages_Total:       0
HugePages_Free:        0
HugePages_Rsvd:        0
HugePages_Surp:        0
Hugepagesize:       2048 kB
DirectMap4k:       79808 kB
DirectMap2M:     2017280 kB

container (cgroup) information:
container_type: cgroupv1
cpu_cpuset_cpus: 0-1
cpu_memory_nodes: 0
active_processor_count: 2
cpu_quota: -1
cpu_period: 100000
cpu_shares: -1
memory_limit_in_bytes: -1
memory_and_swap_limit_in_bytes: -2
memory_soft_limit_in_bytes: -1
memory_usage_in_bytes: 1921011712
memory_max_usage_in_bytes: 1928790016


CPU:total 2 (initial active 2) (2 cores per cpu, 1 threads per core) family 6 model 60 stepping 3, cmov, cx8, fxsr, mmx, sse, sse2, sse3, ssse3, sse4.1, sse4.2, popcnt, avx, avx2, aes, clmul, lzcnt, tsc, tscinvbit

/proc/cpuinfo:
processor	: 0
vendor_id	: GenuineIntel
cpu family	: 6
model		: 60
model name	: Intel(R) Core(TM) i5-4570 CPU @ 3.20GHz
stepping	: 3
cpu MHz		: 3192.622
cache size	: 6144 KB
physical id	: 0
siblings	: 2
core id		: 0
cpu cores	: 2
apicid		: 0
initial apicid	: 0
fpu		: yes
fpu_exception	: yes
cpuid level	: 13
wp		: yes
flags		: fpu vme de pse tsc msr pae mce cx8 apic sep mtrr pge mca cmov pat pse36 clflush mmx fxsr sse sse2 ht syscall nx rdtscp lm constant_tsc rep_good nopl xtopology nonstop_tsc eagerfpu pni pclmulqdq ssse3 cx16 pcid sse4_1 sse4_2 x2apic movbe popcnt aes xsave avx rdrand hypervisor lahf_lm abm invpcid_single kaiser fsgsbase avx2 invpcid
bugs		: cpu_meltdown spectre_v1 spectre_v2 spec_store_bypass
bogomips	: 6385.24
clflush size	: 64
cache_alignment	: 64
address sizes	: 39 bits physical, 48 bits virtual
power management:

processor	: 1
vendor_id	: GenuineIntel
cpu family	: 6
model		: 60
model name	: Intel(R) Core(TM) i5-4570 CPU @ 3.20GHz
stepping	: 3
cpu MHz		: 3192.622
cache size	: 6144 KB
physical id	: 0
siblings	: 2
core id		: 1
cpu cores	: 2
apicid		: 1
initial apicid	: 1
fpu		: yes
fpu_exception	: yes
cpuid level	: 13
wp		: yes
flags		: fpu vme de pse tsc msr pae mce cx8 apic sep mtrr pge mca cmov pat pse36 clflush mmx fxsr sse sse2 ht syscall nx rdtscp lm constant_tsc rep_good nopl xtopology nonstop_tsc eagerfpu pni pclmulqdq ssse3 cx16 pcid sse4_1 sse4_2 x2apic movbe popcnt aes xsave avx rdrand hypervisor lahf_lm abm invpcid_single kaiser fsgsbase avx2 invpcid
bugs		: cpu_meltdown spectre_v1 spectre_v2 spec_store_bypass
bogomips	: 6385.24
clflush size	: 64
cache_alignment	: 64
address sizes	: 39 bits physical, 48 bits virtual
power management:



Memory: 4k page, physical 2048032k(69416k free), swap 1003516k(132k free)

vm_info: Java HotSpot(TM) 64-Bit Server VM (25.201-b09) for linux-amd64 JRE (1.8.0_201-b09), built on Dec 15 2018 11:35:59 by "java_re" with gcc 7.3.0

time: Thu May 23 00:19:49 2019
timezone: HKT
elapsed time: 707 seconds (0d 0h 11m 47s)

